[2015-08-27 07:28:19] local.ERROR: exception 'Symfony\Component\Debug\Exception\FatalErrorException' with message 'Class 'App\Http\Controllers\GuzzleHttp\Client' not found' in /Applications/MAMP/htdocs/Tweads/inv-stripe/app/Http/Controllers/UserController.php:38
Stack trace:
#0 {main}  
[2015-08-27 07:29:00] local.ERROR: exception 'GuzzleHttp\Exception\ClientException' with message 'Client error response [url] https://api.twitter.com/1.1/statuses/update.json?status=Testing%20Our%20System... [status code] 400 [reason phrase] Bad Request' in /Applications/MAMP/htdocs/Tweads/inv-stripe/vendor/guzzlehttp/guzzle/src/Exception/RequestException.php:89
Stack trace:
#0 /Applications/MAMP/htdocs/Tweads/inv-stripe/vendor/guzzlehttp/guzzle/src/Subscriber/HttpError.php(33): GuzzleHttp\Exception\RequestException::create(Object(GuzzleHttp\Message\Request), Object(GuzzleHttp\Message\Response))
#1 /Applications/MAMP/htdocs/Tweads/inv-stripe/vendor/guzzlehttp/guzzle/src/Event/Emitter.php(109): GuzzleHttp\Subscriber\HttpError->onComplete(Object(GuzzleHttp\Event\CompleteEvent), 'complete')
#2 /Applications/MAMP/htdocs/Tweads/inv-stripe/vendor/guzzlehttp/guzzle/src/RequestFsm.php(91): GuzzleHttp\Event\Emitter->emit('complete', Object(GuzzleHttp\Event\CompleteEvent))
#3 /Applications/MAMP/htdocs/Tweads/inv-stripe/vendor/guzzlehttp/guzzle/src/RequestFsm.php(132): GuzzleHttp\RequestFsm->__invoke(Object(GuzzleHttp\Transaction))
#4 /Applications/MAMP/htdocs/Tweads/inv-stripe/vendor/react/promise/src/FulfilledPromise.php(25): GuzzleHttp\RequestFsm->GuzzleHttp\{closure}(Array)
#5 /Applications/MAMP/htdocs/Tweads/inv-stripe/vendor/guzzlehttp/ringphp/src/Future/CompletedFutureValue.php(55): React\Promise\FulfilledPromise->then(Object(Closure), NULL, NULL)
#6 /Applications/MAMP/htdocs/Tweads/inv-stripe/vendor/guzzlehttp/guzzle/src/Message/FutureResponse.php(43): GuzzleHttp\Ring\Future\CompletedFutureValue->then(Object(Closure), NULL, NULL)
#7 /Applications/MAMP/htdocs/Tweads/inv-stripe/vendor/guzzlehttp/guzzle/src/RequestFsm.php(135): GuzzleHttp\Message\FutureResponse::proxy(Object(GuzzleHttp\Ring\Future\CompletedFutureArray), Object(Closure))
#8 /Applications/MAMP/htdocs/Tweads/inv-stripe/vendor/guzzlehttp/guzzle/src/Client.php(232): GuzzleHttp\RequestFsm->__invoke(Object(GuzzleHttp\Transaction))
#9 /Applications/MAMP/htdocs/Tweads/inv-stripe/vendor/guzzlehttp/guzzle/src/Client.php(217): GuzzleHttp\Client->send(Object(GuzzleHttp\Message\Request))
#10 /Applications/MAMP/htdocs/Tweads/inv-stripe/app/Http/Controllers/UserController.php(42): GuzzleHttp\Client->post('https://api.twi...', Array)
#11 [internal function]: App\Http\Controllers\UserController->dump()
#12 /Applications/MAMP/htdocs/Tweads/inv-stripe/vendor/laravel/framework/src/Illuminate/Routing/Controller.php(246): call_user_func_array(Array, Array)
#13 /Applications/MAMP/htdocs/Tweads/inv-stripe/vendor/laravel/framework/src/Illuminate/Routing/ControllerDispatcher.php(162): Illuminate\Routing\Controller->callAction('dump', Array)
#14 /Applications/MAMP/htdocs/Tweads/inv-stripe/vendor/laravel/framework/src/Illuminate/Routing/ControllerDispatcher.php(107): Illuminate\Routing\ControllerDispatcher->call(Object(App\Http\Controllers\UserController), Object(Illuminate\Routing\Route), 'dump')
#15 [internal function]: Illuminate\Routing\ControllerDispatcher->Illuminate\Routing\{closure}(Object(Illuminate\Http\Request))
#16 /Applications/MAMP/htdocs/Tweads/inv-stripe/vendor/laravel/framework/src/Illuminate/Pipeline/Pipeline.php(141): call_user_func(Object(Closure), Object(Illuminate\Http\Request))
#17 [internal function]: Illuminate\Pipeline\Pipeline->Illuminate\Pipeline\{closure}(Object(Illuminate\Http\Request))
#18 /Applications/MAMP/htdocs/Tweads/inv-stripe/vendor/laravel/framework/src/Illuminate/Pipeline/Pipeline.php(101): call_user_func(Object(Closure), Object(Illuminate\Http\Request))
#19 /Applications/MAMP/htdocs/Tweads/inv-stripe/vendor/laravel/framework/src/Illuminate/Routing/ControllerDispatcher.php(108): Illuminate\Pipeline\Pipeline->then(Object(Closure))
#20 /Applications/MAMP/htdocs/Tweads/inv-stripe/vendor/laravel/framework/src/Illuminate/Routing/ControllerDispatcher.php(67): Illuminate\Routing\ControllerDispatcher->callWithinStack(Object(App\Http\Controllers\UserController), Object(Illuminate\Routing\Route), Object(Illuminate\Http\Request), 'dump')
#21 /Applications/MAMP/htdocs/Tweads/inv-stripe/vendor/laravel/framework/src/Illuminate/Routing/Route.php(204): Illuminate\Routing\ControllerDispatcher->dispatch(Object(Illuminate\Routing\Route), Object(Illuminate\Http\Request), 'App\\Http\\Contro...', 'dump')
#22 /Applications/MAMP/htdocs/Tweads/inv-stripe/vendor/laravel/framework/src/Illuminate/Routing/Route.php(134): Illuminate\Routing\Route->runWithCustomDispatcher(Object(Illuminate\Http\Request))
#23 /Applications/MAMP/htdocs/Tweads/inv-stripe/vendor/laravel/framework/src/Illuminate/Routing/Router.php(701): Illuminate\Routing\Route->run(Object(Illuminate\Http\Request))
#24 [internal function]: Illuminate\Routing\Router->Illuminate\Routing\{closure}(Object(Illuminate\Http\Request))
#25 /Applications/MAMP/htdocs/Tweads/inv-stripe/vendor/laravel/framework/src/Illuminate/Pipeline/Pipeline.php(141): call_user_func(Object(Closure), Object(Illuminate\Http\Request))
#26 /Applications/MAMP/htdocs/Tweads/inv-stripe/app/Http/Middleware/Authenticate.php(49): Illuminate\Pipeline\Pipeline->Illuminate\Pipeline\{closure}(Object(Illuminate\Http\Request))
#27 /Applications/MAMP/htdocs/Tweads/inv-stripe/vendor/laravel/framework/src/Illuminate/Pipeline/Pipeline.php(125): App\Http\Middleware\Authenticate->handle(Object(Illuminate\Http\Request), Object(Closure))
#28 [internal function]: Illuminate\Pipeline\Pipeline->Illuminate\Pipeline\{closure}(Object(Illuminate\Http\Request))
#29 /Applications/MAMP/htdocs/Tweads/inv-stripe/vendor/laravel/framework/src/Illuminate/Pipeline/Pipeline.php(101): call_user_func(Object(Closure), Object(Illuminate\Http\Request))
#30 /Applications/MAMP/htdocs/Tweads/inv-stripe/vendor/laravel/framework/src/Illuminate/Routing/Router.php(703): Illuminate\Pipeline\Pipeline->then(Object(Closure))
#31 /Applications/MAMP/htdocs/Tweads/inv-stripe/vendor/laravel/framework/src/Illuminate/Routing/Router.php(670): Illuminate\Routing\Router->runRouteWithinStack(Object(Illuminate\Routing\Route), Object(Illuminate\Http\Request))
#32 /Applications/MAMP/htdocs/Tweads/inv-stripe/vendor/laravel/framework/src/Illuminate/Routing/Router.php(628): Illuminate\Routing\Router->dispatchToRoute(Object(Illuminate\Http\Request))
#33 /Applications/MAMP/htdocs/Tweads/inv-stripe/vendor/laravel/framework/src/Illuminate/Foundation/Http/Kernel.php(214): Illuminate\Routing\Router->dispatch(Object(Illuminate\Http\Request))
#34 [internal function]: Illuminate\Foundation\Http\Kernel->Illuminate\Foundation\Http\{closure}(Object(Illuminate\Http\Request))
#35 /Applications/MAMP/htdocs/Tweads/inv-stripe/vendor/laravel/framework/src/Illuminate/Pipeline/Pipeline.php(141): call_user_func(Object(Closure), Object(Illuminate\Http\Request))
#36 /Applications/MAMP/htdocs/Tweads/inv-stripe/vendor/laravel/framework/src/Illuminate/Foundation/Http/Middleware/VerifyCsrfToken.php(43): Illuminate\Pipeline\Pipeline->Illuminate\Pipeline\{closure}(Object(Illuminate\Http\Request))
#37 /Applications/MAMP/htdocs/Tweads/inv-stripe/app/Http/Middleware/VerifyCsrfToken.php(17): Illuminate\Foundation\Http\Middleware\VerifyCsrfToken->handle(Object(Illuminate\Http\Request), Object(Closure))
#38 /Applications/MAMP/htdocs/Tweads/inv-stripe/vendor/laravel/framework/src/Illuminate/Pipeline/Pipeline.php(125): App\Http\Middleware\VerifyCsrfToken->handle(Object(Illuminate\Http\Request), Object(Closure))
#39 /Applications/MAMP/htdocs/Tweads/inv-stripe/vendor/laravel/framework/src/Illuminate/View/Middleware/ShareErrorsFromSession.php(55): Illuminate\Pipeline\Pipeline->Illuminate\Pipeline\{closure}(Object(Illuminate\Http\Request))
#40 /Applications/MAMP/htdocs/Tweads/inv-stripe/vendor/laravel/framework/src/Illuminate/Pipeline/Pipeline.php(125): Illuminate\View\Middleware\ShareErrorsFromSession->handle(Object(Illuminate\Http\Request), Object(Closure))
#41 /Applications/MAMP/htdocs/Tweads/inv-stripe/vendor/laravel/framework/src/Illuminate/Session/Middleware/StartSession.php(61): Illuminate\Pipeline\Pipeline->Illuminate\Pipeline\{closure}(Object(Illuminate\Http\Request))
#42 /Applications/MAMP/htdocs/Tweads/inv-stripe/vendor/laravel/framework/src/Illuminate/Pipeline/Pipeline.php(125): Illuminate\Session\Middleware\StartSession->handle(Object(Illuminate\Http\Request), Object(Closure))
#43 /Applications/MAMP/htdocs/Tweads/inv-stripe/vendor/laravel/framework/src/Illuminate/Cookie/Middleware/AddQueuedCookiesToResponse.php(36): Illuminate\Pipeline\Pipeline->Illuminate\Pipeline\{closure}(Object(Illuminate\Http\Request))
#44 /Applications/MAMP/htdocs/Tweads/inv-stripe/vendor/laravel/framework/src/Illuminate/Pipeline/Pipeline.php(125): Illuminate\Cookie\Middleware\AddQueuedCookiesToResponse->handle(Object(Illuminate\Http\Request), Object(Closure))
#45 /Applications/MAMP/htdocs/Tweads/inv-stripe/vendor/laravel/framework/src/Illuminate/Cookie/Middleware/EncryptCookies.php(40): Illuminate\Pipeline\Pipeline->Illuminate\Pipeline\{closure}(Object(Illuminate\Http\Request))
#46 /Applications/MAMP/htdocs/Tweads/inv-stripe/vendor/laravel/framework/src/Illuminate/Pipeline/Pipeline.php(125): Illuminate\Cookie\Middleware\EncryptCookies->handle(Object(Illuminate\Http\Request), Object(Closure))
#47 /Applications/MAMP/htdocs/Tweads/inv-stripe/vendor/laravel/framework/src/Illuminate/Foundation/Http/Middleware/CheckForMaintenanceMode.php(42): Illuminate\Pipeline\Pipeline->Illuminate\Pipeline\{closure}(Object(Illuminate\Http\Request))
#48 /Applications/MAMP/htdocs/Tweads/inv-stripe/vendor/laravel/framework/src/Illuminate/Pipeline/Pipeline.php(125): Illuminate\Foundation\Http\Middleware\CheckForMaintenanceMode->handle(Object(Illuminate\Http\Request), Object(Closure))
#49 [internal function]: Illuminate\Pipeline\Pipeline->Illuminate\Pipeline\{closure}(Object(Illuminate\Http\Request))
#50 /Applications/MAMP/htdocs/Tweads/inv-stripe/vendor/laravel/framework/src/Illuminate/Pipeline/Pipeline.php(101): call_user_func(Object(Closure), Object(Illuminate\Http\Request))
#51 /Applications/MAMP/htdocs/Tweads/inv-stripe/vendor/laravel/framework/src/Illuminate/Foundation/Http/Kernel.php(115): Illuminate\Pipeline\Pipeline->then(Object(Closure))
#52 /Applications/MAMP/htdocs/Tweads/inv-stripe/vendor/laravel/framework/src/Illuminate/Foundation/Http/Kernel.php(84): Illuminate\Foundation\Http\Kernel->sendRequestThroughRouter(Object(Illuminate\Http\Request))
#53 /Applications/MAMP/htdocs/Tweads/inv-stripe/public/index.php(54): Illuminate\Foundation\Http\Kernel->handle(Object(Illuminate\Http\Request))
#54 /Applications/MAMP/htdocs/Tweads/inv-stripe/server.php(21): require_once('/Applications/M...')
#55 {main}  
[2015-08-27 07:31:59] local.ERROR: exception 'ErrorException' with message 'Undefined variable: request' in /Applications/MAMP/htdocs/Tweads/inv-stripe/app/Http/Controllers/UserController.php:39
Stack trace:
#0 /Applications/MAMP/htdocs/Tweads/inv-stripe/app/Http/Controllers/UserController.php(39): Illuminate\Foundation\Bootstrap\HandleExceptions->handleError(8, 'Undefined varia...', '/Applications/M...', 39, Array)
#1 [internal function]: App\Http\Controllers\UserController->dump()
#2 /Applications/MAMP/htdocs/Tweads/inv-stripe/vendor/laravel/framework/src/Illuminate/Routing/Controller.php(246): call_user_func_array(Array, Array)
#3 /Applications/MAMP/htdocs/Tweads/inv-stripe/vendor/laravel/framework/src/Illuminate/Routing/ControllerDispatcher.php(162): Illuminate\Routing\Controller->callAction('dump', Array)
#4 /Applications/MAMP/htdocs/Tweads/inv-stripe/vendor/laravel/framework/src/Illuminate/Routing/ControllerDispatcher.php(107): Illuminate\Routing\ControllerDispatcher->call(Object(App\Http\Controllers\UserController), Object(Illuminate\Routing\Route), 'dump')
#5 [internal function]: Illuminate\Routing\ControllerDispatcher->Illuminate\Routing\{closure}(Object(Illuminate\Http\Request))
#6 /Applications/MAMP/htdocs/Tweads/inv-stripe/vendor/laravel/framework/src/Illuminate/Pipeline/Pipeline.php(141): call_user_func(Object(Closure), Object(Illuminate\Http\Request))
#7 [internal function]: Illuminate\Pipeline\Pipeline->Illuminate\Pipeline\{closure}(Object(Illuminate\Http\Request))
#8 /Applications/MAMP/htdocs/Tweads/inv-stripe/vendor/laravel/framework/src/Illuminate/Pipeline/Pipeline.php(101): call_user_func(Object(Closure), Object(Illuminate\Http\Request))
#9 /Applications/MAMP/htdocs/Tweads/inv-stripe/vendor/laravel/framework/src/Illuminate/Routing/ControllerDispatcher.php(108): Illuminate\Pipeline\Pipeline->then(Object(Closure))
#10 /Applications/MAMP/htdocs/Tweads/inv-stripe/vendor/laravel/framework/src/Illuminate/Routing/ControllerDispatcher.php(67): Illuminate\Routing\ControllerDispatcher->callWithinStack(Object(App\Http\Controllers\UserController), Object(Illuminate\Routing\Route), Object(Illuminate\Http\Request), 'dump')
#11 /Applications/MAMP/htdocs/Tweads/inv-stripe/vendor/laravel/framework/src/Illuminate/Routing/Route.php(204): Illuminate\Routing\ControllerDispatcher->dispatch(Object(Illuminate\Routing\Route), Object(Illuminate\Http\Request), 'App\\Http\\Contro...', 'dump')
#12 /Applications/MAMP/htdocs/Tweads/inv-stripe/vendor/laravel/framework/src/Illuminate/Routing/Route.php(134): Illuminate\Routing\Route->runWithCustomDispatcher(Object(Illuminate\Http\Request))
#13 /Applications/MAMP/htdocs/Tweads/inv-stripe/vendor/laravel/framework/src/Illuminate/Routing/Router.php(701): Illuminate\Routing\Route->run(Object(Illuminate\Http\Request))
#14 [internal function]: Illuminate\Routing\Router->Illuminate\Routing\{closure}(Object(Illuminate\Http\Request))
#15 /Applications/MAMP/htdocs/Tweads/inv-stripe/vendor/laravel/framework/src/Illuminate/Pipeline/Pipeline.php(141): call_user_func(Object(Closure), Object(Illuminate\Http\Request))
#16 /Applications/MAMP/htdocs/Tweads/inv-stripe/app/Http/Middleware/Authenticate.php(49): Illuminate\Pipeline\Pipeline->Illuminate\Pipeline\{closure}(Object(Illuminate\Http\Request))
#17 /Applications/MAMP/htdocs/Tweads/inv-stripe/vendor/laravel/framework/src/Illuminate/Pipeline/Pipeline.php(125): App\Http\Middleware\Authenticate->handle(Object(Illuminate\Http\Request), Object(Closure))
#18 [internal function]: Illuminate\Pipeline\Pipeline->Illuminate\Pipeline\{closure}(Object(Illuminate\Http\Request))
#19 /Applications/MAMP/htdocs/Tweads/inv-stripe/vendor/laravel/framework/src/Illuminate/Pipeline/Pipeline.php(101): call_user_func(Object(Closure), Object(Illuminate\Http\Request))
#20 /Applications/MAMP/htdocs/Tweads/inv-stripe/vendor/laravel/framework/src/Illuminate/Routing/Router.php(703): Illuminate\Pipeline\Pipeline->then(Object(Closure))
#21 /Applications/MAMP/htdocs/Tweads/inv-stripe/vendor/laravel/framework/src/Illuminate/Routing/Router.php(670): Illuminate\Routing\Router->runRouteWithinStack(Object(Illuminate\Routing\Route), Object(Illuminate\Http\Request))
#22 /Applications/MAMP/htdocs/Tweads/inv-stripe/vendor/laravel/framework/src/Illuminate/Routing/Router.php(628): Illuminate\Routing\Router->dispatchToRoute(Object(Illuminate\Http\Request))
#23 /Applications/MAMP/htdocs/Tweads/inv-stripe/vendor/laravel/framework/src/Illuminate/Foundation/Http/Kernel.php(214): Illuminate\Routing\Router->dispatch(Object(Illuminate\Http\Request))
#24 [internal function]: Illuminate\Foundation\Http\Kernel->Illuminate\Foundation\Http\{closure}(Object(Illuminate\Http\Request))
#25 /Applications/MAMP/htdocs/Tweads/inv-stripe/vendor/laravel/framework/src/Illuminate/Pipeline/Pipeline.php(141): call_user_func(Object(Closure), Object(Illuminate\Http\Request))
#26 /Applications/MAMP/htdocs/Tweads/inv-stripe/vendor/laravel/framework/src/Illuminate/Foundation/Http/Middleware/VerifyCsrfToken.php(43): Illuminate\Pipeline\Pipeline->Illuminate\Pipeline\{closure}(Object(Illuminate\Http\Request))
#27 /Applications/MAMP/htdocs/Tweads/inv-stripe/app/Http/Middleware/VerifyCsrfToken.php(17): Illuminate\Foundation\Http\Middleware\VerifyCsrfToken->handle(Object(Illuminate\Http\Request), Object(Closure))
#28 /Applications/MAMP/htdocs/Tweads/inv-stripe/vendor/laravel/framework/src/Illuminate/Pipeline/Pipeline.php(125): App\Http\Middleware\VerifyCsrfToken->handle(Object(Illuminate\Http\Request), Object(Closure))
#29 /Applications/MAMP/htdocs/Tweads/inv-stripe/vendor/laravel/framework/src/Illuminate/View/Middleware/ShareErrorsFromSession.php(55): Illuminate\Pipeline\Pipeline->Illuminate\Pipeline\{closure}(Object(Illuminate\Http\Request))
#30 /Applications/MAMP/htdocs/Tweads/inv-stripe/vendor/laravel/framework/src/Illuminate/Pipeline/Pipeline.php(125): Illuminate\View\Middleware\ShareErrorsFromSession->handle(Object(Illuminate\Http\Request), Object(Closure))
#31 /Applications/MAMP/htdocs/Tweads/inv-stripe/vendor/laravel/framework/src/Illuminate/Session/Middleware/StartSession.php(61): Illuminate\Pipeline\Pipeline->Illuminate\Pipeline\{closure}(Object(Illuminate\Http\Request))
#32 /Applications/MAMP/htdocs/Tweads/inv-stripe/vendor/laravel/framework/src/Illuminate/Pipeline/Pipeline.php(125): Illuminate\Session\Middleware\StartSession->handle(Object(Illuminate\Http\Request), Object(Closure))
#33 /Applications/MAMP/htdocs/Tweads/inv-stripe/vendor/laravel/framework/src/Illuminate/Cookie/Middleware/AddQueuedCookiesToResponse.php(36): Illuminate\Pipeline\Pipeline->Illuminate\Pipeline\{closure}(Object(Illuminate\Http\Request))
#34 /Applications/MAMP/htdocs/Tweads/inv-stripe/vendor/laravel/framework/src/Illuminate/Pipeline/Pipeline.php(125): Illuminate\Cookie\Middleware\AddQueuedCookiesToResponse->handle(Object(Illuminate\Http\Request), Object(Closure))
#35 /Applications/MAMP/htdocs/Tweads/inv-stripe/vendor/laravel/framework/src/Illuminate/Cookie/Middleware/EncryptCookies.php(40): Illuminate\Pipeline\Pipeline->Illuminate\Pipeline\{closure}(Object(Illuminate\Http\Request))
#36 /Applications/MAMP/htdocs/Tweads/inv-stripe/vendor/laravel/framework/src/Illuminate/Pipeline/Pipeline.php(125): Illuminate\Cookie\Middleware\EncryptCookies->handle(Object(Illuminate\Http\Request), Object(Closure))
#37 /Applications/MAMP/htdocs/Tweads/inv-stripe/vendor/laravel/framework/src/Illuminate/Foundation/Http/Middleware/CheckForMaintenanceMode.php(42): Illuminate\Pipeline\Pipeline->Illuminate\Pipeline\{closure}(Object(Illuminate\Http\Request))
#38 /Applications/MAMP/htdocs/Tweads/inv-stripe/vendor/laravel/framework/src/Illuminate/Pipeline/Pipeline.php(125): Illuminate\Foundation\Http\Middleware\CheckForMaintenanceMode->handle(Object(Illuminate\Http\Request), Object(Closure))
#39 [internal function]: Illuminate\Pipeline\Pipeline->Illuminate\Pipeline\{closure}(Object(Illuminate\Http\Request))
#40 /Applications/MAMP/htdocs/Tweads/inv-stripe/vendor/laravel/framework/src/Illuminate/Pipeline/Pipeline.php(101): call_user_func(Object(Closure), Object(Illuminate\Http\Request))
#41 /Applications/MAMP/htdocs/Tweads/inv-stripe/vendor/laravel/framework/src/Illuminate/Foundation/Http/Kernel.php(115): Illuminate\Pipeline\Pipeline->then(Object(Closure))
#42 /Applications/MAMP/htdocs/Tweads/inv-stripe/vendor/laravel/framework/src/Illuminate/Foundation/Http/Kernel.php(84): Illuminate\Foundation\Http\Kernel->sendRequestThroughRouter(Object(Illuminate\Http\Request))
#43 /Applications/MAMP/htdocs/Tweads/inv-stripe/public/index.php(54): Illuminate\Foundation\Http\Kernel->handle(Object(Illuminate\Http\Request))
#44 /Applications/MAMP/htdocs/Tweads/inv-stripe/server.php(21): require_once('/Applications/M...')
#45 {main}  
