[2015-08-26 20:24:10] local.ERROR: exception 'GuzzleHttp\Exception\ClientException' with message 'Client error response [url] https://api.twitter.com/oauth/request_token [status code] 400 [reason phrase] Bad Request' in /Applications/MAMP/htdocs/Tweads/inv-stripe/vendor/guzzlehttp/guzzle/src/Exception/RequestException.php:89
Stack trace:
#0 /Applications/MAMP/htdocs/Tweads/inv-stripe/vendor/guzzlehttp/guzzle/src/Subscriber/HttpError.php(33): GuzzleHttp\Exception\RequestException::create(Object(GuzzleHttp\Message\Request), Object(GuzzleHttp\Message\Response))
#1 /Applications/MAMP/htdocs/Tweads/inv-stripe/vendor/guzzlehttp/guzzle/src/Event/Emitter.php(109): GuzzleHttp\Subscriber\HttpError->onComplete(Object(GuzzleHttp\Event\CompleteEvent), 'complete')
#2 /Applications/MAMP/htdocs/Tweads/inv-stripe/vendor/guzzlehttp/guzzle/src/RequestFsm.php(91): GuzzleHttp\Event\Emitter->emit('complete', Object(GuzzleHttp\Event\CompleteEvent))
#3 /Applications/MAMP/htdocs/Tweads/inv-stripe/vendor/guzzlehttp/guzzle/src/RequestFsm.php(132): GuzzleHttp\RequestFsm->__invoke(Object(GuzzleHttp\Transaction))
#4 /Applications/MAMP/htdocs/Tweads/inv-stripe/vendor/react/promise/src/FulfilledPromise.php(25): GuzzleHttp\RequestFsm->GuzzleHttp\{closure}(Array)
#5 /Applications/MAMP/htdocs/Tweads/inv-stripe/vendor/guzzlehttp/ringphp/src/Future/CompletedFutureValue.php(55): React\Promise\FulfilledPromise->then(Object(Closure), NULL, NULL)
#6 /Applications/MAMP/htdocs/Tweads/inv-stripe/vendor/guzzlehttp/guzzle/src/Message/FutureResponse.php(43): GuzzleHttp\Ring\Future\CompletedFutureValue->then(Object(Closure), NULL, NULL)
#7 /Applications/MAMP/htdocs/Tweads/inv-stripe/vendor/guzzlehttp/guzzle/src/RequestFsm.php(135): GuzzleHttp\Message\FutureResponse::proxy(Object(GuzzleHttp\Ring\Future\CompletedFutureArray), Object(Closure))
#8 /Applications/MAMP/htdocs/Tweads/inv-stripe/vendor/guzzlehttp/guzzle/src/Client.php(232): GuzzleHttp\RequestFsm->__invoke(Object(GuzzleHttp\Transaction))
#9 /Applications/MAMP/htdocs/Tweads/inv-stripe/vendor/guzzlehttp/guzzle/src/Client.php(217): GuzzleHttp\Client->send(Object(GuzzleHttp\Message\Request))
#10 /Applications/MAMP/htdocs/Tweads/inv-stripe/app/Http/Controllers/AuthController.php(320): GuzzleHttp\Client->post('https://api.twi...', Array)
#11 [internal function]: App\Http\Controllers\AuthController->twitter(Object(Illuminate\Http\Request))
#12 /Applications/MAMP/htdocs/Tweads/inv-stripe/vendor/laravel/framework/src/Illuminate/Routing/Controller.php(246): call_user_func_array(Array, Array)
#13 /Applications/MAMP/htdocs/Tweads/inv-stripe/vendor/laravel/framework/src/Illuminate/Routing/ControllerDispatcher.php(162): Illuminate\Routing\Controller->callAction('twitter', Array)
#14 /Applications/MAMP/htdocs/Tweads/inv-stripe/vendor/laravel/framework/src/Illuminate/Routing/ControllerDispatcher.php(107): Illuminate\Routing\ControllerDispatcher->call(Object(App\Http\Controllers\AuthController), Object(Illuminate\Routing\Route), 'twitter')
#15 [internal function]: Illuminate\Routing\ControllerDispatcher->Illuminate\Routing\{closure}(Object(Illuminate\Http\Request))
#16 /Applications/MAMP/htdocs/Tweads/inv-stripe/vendor/laravel/framework/src/Illuminate/Pipeline/Pipeline.php(141): call_user_func(Object(Closure), Object(Illuminate\Http\Request))
#17 [internal function]: Illuminate\Pipeline\Pipeline->Illuminate\Pipeline\{closure}(Object(Illuminate\Http\Request))
#18 /Applications/MAMP/htdocs/Tweads/inv-stripe/vendor/laravel/framework/src/Illuminate/Pipeline/Pipeline.php(101): call_user_func(Object(Closure), Object(Illuminate\Http\Request))
#19 /Applications/MAMP/htdocs/Tweads/inv-stripe/vendor/laravel/framework/src/Illuminate/Routing/ControllerDispatcher.php(108): Illuminate\Pipeline\Pipeline->then(Object(Closure))
#20 /Applications/MAMP/htdocs/Tweads/inv-stripe/vendor/laravel/framework/src/Illuminate/Routing/ControllerDispatcher.php(67): Illuminate\Routing\ControllerDispatcher->callWithinStack(Object(App\Http\Controllers\AuthController), Object(Illuminate\Routing\Route), Object(Illuminate\Http\Request), 'twitter')
#21 /Applications/MAMP/htdocs/Tweads/inv-stripe/vendor/laravel/framework/src/Illuminate/Routing/Route.php(204): Illuminate\Routing\ControllerDispatcher->dispatch(Object(Illuminate\Routing\Route), Object(Illuminate\Http\Request), 'App\\Http\\Contro...', 'twitter')
#22 /Applications/MAMP/htdocs/Tweads/inv-stripe/vendor/laravel/framework/src/Illuminate/Routing/Route.php(134): Illuminate\Routing\Route->runWithCustomDispatcher(Object(Illuminate\Http\Request))
#23 /Applications/MAMP/htdocs/Tweads/inv-stripe/vendor/laravel/framework/src/Illuminate/Routing/Router.php(701): Illuminate\Routing\Route->run(Object(Illuminate\Http\Request))
#24 [internal function]: Illuminate\Routing\Router->Illuminate\Routing\{closure}(Object(Illuminate\Http\Request))
#25 /Applications/MAMP/htdocs/Tweads/inv-stripe/vendor/laravel/framework/src/Illuminate/Pipeline/Pipeline.php(141): call_user_func(Object(Closure), Object(Illuminate\Http\Request))
#26 [internal function]: Illuminate\Pipeline\Pipeline->Illuminate\Pipeline\{closure}(Object(Illuminate\Http\Request))
#27 /Applications/MAMP/htdocs/Tweads/inv-stripe/vendor/laravel/framework/src/Illuminate/Pipeline/Pipeline.php(101): call_user_func(Object(Closure), Object(Illuminate\Http\Request))
#28 /Applications/MAMP/htdocs/Tweads/inv-stripe/vendor/laravel/framework/src/Illuminate/Routing/Router.php(703): Illuminate\Pipeline\Pipeline->then(Object(Closure))
#29 /Applications/MAMP/htdocs/Tweads/inv-stripe/vendor/laravel/framework/src/Illuminate/Routing/Router.php(670): Illuminate\Routing\Router->runRouteWithinStack(Object(Illuminate\Routing\Route), Object(Illuminate\Http\Request))
#30 /Applications/MAMP/htdocs/Tweads/inv-stripe/vendor/laravel/framework/src/Illuminate/Routing/Router.php(628): Illuminate\Routing\Router->dispatchToRoute(Object(Illuminate\Http\Request))
#31 /Applications/MAMP/htdocs/Tweads/inv-stripe/vendor/laravel/framework/src/Illuminate/Foundation/Http/Kernel.php(214): Illuminate\Routing\Router->dispatch(Object(Illuminate\Http\Request))
#32 [internal function]: Illuminate\Foundation\Http\Kernel->Illuminate\Foundation\Http\{closure}(Object(Illuminate\Http\Request))
#33 /Applications/MAMP/htdocs/Tweads/inv-stripe/vendor/laravel/framework/src/Illuminate/Pipeline/Pipeline.php(141): call_user_func(Object(Closure), Object(Illuminate\Http\Request))
#34 /Applications/MAMP/htdocs/Tweads/inv-stripe/vendor/laravel/framework/src/Illuminate/Foundation/Http/Middleware/VerifyCsrfToken.php(43): Illuminate\Pipeline\Pipeline->Illuminate\Pipeline\{closure}(Object(Illuminate\Http\Request))
#35 /Applications/MAMP/htdocs/Tweads/inv-stripe/app/Http/Middleware/VerifyCsrfToken.php(17): Illuminate\Foundation\Http\Middleware\VerifyCsrfToken->handle(Object(Illuminate\Http\Request), Object(Closure))
#36 /Applications/MAMP/htdocs/Tweads/inv-stripe/vendor/laravel/framework/src/Illuminate/Pipeline/Pipeline.php(125): App\Http\Middleware\VerifyCsrfToken->handle(Object(Illuminate\Http\Request), Object(Closure))
#37 /Applications/MAMP/htdocs/Tweads/inv-stripe/vendor/laravel/framework/src/Illuminate/View/Middleware/ShareErrorsFromSession.php(55): Illuminate\Pipeline\Pipeline->Illuminate\Pipeline\{closure}(Object(Illuminate\Http\Request))
#38 /Applications/MAMP/htdocs/Tweads/inv-stripe/vendor/laravel/framework/src/Illuminate/Pipeline/Pipeline.php(125): Illuminate\View\Middleware\ShareErrorsFromSession->handle(Object(Illuminate\Http\Request), Object(Closure))
#39 /Applications/MAMP/htdocs/Tweads/inv-stripe/vendor/laravel/framework/src/Illuminate/Session/Middleware/StartSession.php(61): Illuminate\Pipeline\Pipeline->Illuminate\Pipeline\{closure}(Object(Illuminate\Http\Request))
#40 /Applications/MAMP/htdocs/Tweads/inv-stripe/vendor/laravel/framework/src/Illuminate/Pipeline/Pipeline.php(125): Illuminate\Session\Middleware\StartSession->handle(Object(Illuminate\Http\Request), Object(Closure))
#41 /Applications/MAMP/htdocs/Tweads/inv-stripe/vendor/laravel/framework/src/Illuminate/Cookie/Middleware/AddQueuedCookiesToResponse.php(36): Illuminate\Pipeline\Pipeline->Illuminate\Pipeline\{closure}(Object(Illuminate\Http\Request))
#42 /Applications/MAMP/htdocs/Tweads/inv-stripe/vendor/laravel/framework/src/Illuminate/Pipeline/Pipeline.php(125): Illuminate\Cookie\Middleware\AddQueuedCookiesToResponse->handle(Object(Illuminate\Http\Request), Object(Closure))
#43 /Applications/MAMP/htdocs/Tweads/inv-stripe/vendor/laravel/framework/src/Illuminate/Cookie/Middleware/EncryptCookies.php(40): Illuminate\Pipeline\Pipeline->Illuminate\Pipeline\{closure}(Object(Illuminate\Http\Request))
#44 /Applications/MAMP/htdocs/Tweads/inv-stripe/vendor/laravel/framework/src/Illuminate/Pipeline/Pipeline.php(125): Illuminate\Cookie\Middleware\EncryptCookies->handle(Object(Illuminate\Http\Request), Object(Closure))
#45 /Applications/MAMP/htdocs/Tweads/inv-stripe/vendor/laravel/framework/src/Illuminate/Foundation/Http/Middleware/CheckForMaintenanceMode.php(42): Illuminate\Pipeline\Pipeline->Illuminate\Pipeline\{closure}(Object(Illuminate\Http\Request))
#46 /Applications/MAMP/htdocs/Tweads/inv-stripe/vendor/laravel/framework/src/Illuminate/Pipeline/Pipeline.php(125): Illuminate\Foundation\Http\Middleware\CheckForMaintenanceMode->handle(Object(Illuminate\Http\Request), Object(Closure))
#47 [internal function]: Illuminate\Pipeline\Pipeline->Illuminate\Pipeline\{closure}(Object(Illuminate\Http\Request))
#48 /Applications/MAMP/htdocs/Tweads/inv-stripe/vendor/laravel/framework/src/Illuminate/Pipeline/Pipeline.php(101): call_user_func(Object(Closure), Object(Illuminate\Http\Request))
#49 /Applications/MAMP/htdocs/Tweads/inv-stripe/vendor/laravel/framework/src/Illuminate/Foundation/Http/Kernel.php(115): Illuminate\Pipeline\Pipeline->then(Object(Closure))
#50 /Applications/MAMP/htdocs/Tweads/inv-stripe/vendor/laravel/framework/src/Illuminate/Foundation/Http/Kernel.php(84): Illuminate\Foundation\Http\Kernel->sendRequestThroughRouter(Object(Illuminate\Http\Request))
#51 /Applications/MAMP/htdocs/Tweads/inv-stripe/public/index.php(54): Illuminate\Foundation\Http\Kernel->handle(Object(Illuminate\Http\Request))
#52 /Applications/MAMP/htdocs/Tweads/inv-stripe/server.php(21): require_once('/Applications/M...')
#53 {main}  
[2015-08-26 20:25:01] local.ERROR: exception 'GuzzleHttp\Exception\ClientException' with message 'Client error response [url] https://api.twitter.com/oauth/request_token [status code] 400 [reason phrase] Bad Request' in /Applications/MAMP/htdocs/Tweads/inv-stripe/vendor/guzzlehttp/guzzle/src/Exception/RequestException.php:89
Stack trace:
#0 /Applications/MAMP/htdocs/Tweads/inv-stripe/vendor/guzzlehttp/guzzle/src/Subscriber/HttpError.php(33): GuzzleHttp\Exception\RequestException::create(Object(GuzzleHttp\Message\Request), Object(GuzzleHttp\Message\Response))
#1 /Applications/MAMP/htdocs/Tweads/inv-stripe/vendor/guzzlehttp/guzzle/src/Event/Emitter.php(109): GuzzleHttp\Subscriber\HttpError->onComplete(Object(GuzzleHttp\Event\CompleteEvent), 'complete')
#2 /Applications/MAMP/htdocs/Tweads/inv-stripe/vendor/guzzlehttp/guzzle/src/RequestFsm.php(91): GuzzleHttp\Event\Emitter->emit('complete', Object(GuzzleHttp\Event\CompleteEvent))
#3 /Applications/MAMP/htdocs/Tweads/inv-stripe/vendor/guzzlehttp/guzzle/src/RequestFsm.php(132): GuzzleHttp\RequestFsm->__invoke(Object(GuzzleHttp\Transaction))
#4 /Applications/MAMP/htdocs/Tweads/inv-stripe/vendor/react/promise/src/FulfilledPromise.php(25): GuzzleHttp\RequestFsm->GuzzleHttp\{closure}(Array)
#5 /Applications/MAMP/htdocs/Tweads/inv-stripe/vendor/guzzlehttp/ringphp/src/Future/CompletedFutureValue.php(55): React\Promise\FulfilledPromise->then(Object(Closure), NULL, NULL)
#6 /Applications/MAMP/htdocs/Tweads/inv-stripe/vendor/guzzlehttp/guzzle/src/Message/FutureResponse.php(43): GuzzleHttp\Ring\Future\CompletedFutureValue->then(Object(Closure), NULL, NULL)
#7 /Applications/MAMP/htdocs/Tweads/inv-stripe/vendor/guzzlehttp/guzzle/src/RequestFsm.php(135): GuzzleHttp\Message\FutureResponse::proxy(Object(GuzzleHttp\Ring\Future\CompletedFutureArray), Object(Closure))
#8 /Applications/MAMP/htdocs/Tweads/inv-stripe/vendor/guzzlehttp/guzzle/src/Client.php(232): GuzzleHttp\RequestFsm->__invoke(Object(GuzzleHttp\Transaction))
#9 /Applications/MAMP/htdocs/Tweads/inv-stripe/vendor/guzzlehttp/guzzle/src/Client.php(217): GuzzleHttp\Client->send(Object(GuzzleHttp\Message\Request))
#10 /Applications/MAMP/htdocs/Tweads/inv-stripe/app/Http/Controllers/AuthController.php(320): GuzzleHttp\Client->post('https://api.twi...', Array)
#11 [internal function]: App\Http\Controllers\AuthController->twitter(Object(Illuminate\Http\Request))
#12 /Applications/MAMP/htdocs/Tweads/inv-stripe/vendor/laravel/framework/src/Illuminate/Routing/Controller.php(246): call_user_func_array(Array, Array)
#13 /Applications/MAMP/htdocs/Tweads/inv-stripe/vendor/laravel/framework/src/Illuminate/Routing/ControllerDispatcher.php(162): Illuminate\Routing\Controller->callAction('twitter', Array)
#14 /Applications/MAMP/htdocs/Tweads/inv-stripe/vendor/laravel/framework/src/Illuminate/Routing/ControllerDispatcher.php(107): Illuminate\Routing\ControllerDispatcher->call(Object(App\Http\Controllers\AuthController), Object(Illuminate\Routing\Route), 'twitter')
#15 [internal function]: Illuminate\Routing\ControllerDispatcher->Illuminate\Routing\{closure}(Object(Illuminate\Http\Request))
#16 /Applications/MAMP/htdocs/Tweads/inv-stripe/vendor/laravel/framework/src/Illuminate/Pipeline/Pipeline.php(141): call_user_func(Object(Closure), Object(Illuminate\Http\Request))
#17 [internal function]: Illuminate\Pipeline\Pipeline->Illuminate\Pipeline\{closure}(Object(Illuminate\Http\Request))
#18 /Applications/MAMP/htdocs/Tweads/inv-stripe/vendor/laravel/framework/src/Illuminate/Pipeline/Pipeline.php(101): call_user_func(Object(Closure), Object(Illuminate\Http\Request))
#19 /Applications/MAMP/htdocs/Tweads/inv-stripe/vendor/laravel/framework/src/Illuminate/Routing/ControllerDispatcher.php(108): Illuminate\Pipeline\Pipeline->then(Object(Closure))
#20 /Applications/MAMP/htdocs/Tweads/inv-stripe/vendor/laravel/framework/src/Illuminate/Routing/ControllerDispatcher.php(67): Illuminate\Routing\ControllerDispatcher->callWithinStack(Object(App\Http\Controllers\AuthController), Object(Illuminate\Routing\Route), Object(Illuminate\Http\Request), 'twitter')
#21 /Applications/MAMP/htdocs/Tweads/inv-stripe/vendor/laravel/framework/src/Illuminate/Routing/Route.php(204): Illuminate\Routing\ControllerDispatcher->dispatch(Object(Illuminate\Routing\Route), Object(Illuminate\Http\Request), 'App\\Http\\Contro...', 'twitter')
#22 /Applications/MAMP/htdocs/Tweads/inv-stripe/vendor/laravel/framework/src/Illuminate/Routing/Route.php(134): Illuminate\Routing\Route->runWithCustomDispatcher(Object(Illuminate\Http\Request))
#23 /Applications/MAMP/htdocs/Tweads/inv-stripe/vendor/laravel/framework/src/Illuminate/Routing/Router.php(701): Illuminate\Routing\Route->run(Object(Illuminate\Http\Request))
#24 [internal function]: Illuminate\Routing\Router->Illuminate\Routing\{closure}(Object(Illuminate\Http\Request))
#25 /Applications/MAMP/htdocs/Tweads/inv-stripe/vendor/laravel/framework/src/Illuminate/Pipeline/Pipeline.php(141): call_user_func(Object(Closure), Object(Illuminate\Http\Request))
#26 [internal function]: Illuminate\Pipeline\Pipeline->Illuminate\Pipeline\{closure}(Object(Illuminate\Http\Request))
#27 /Applications/MAMP/htdocs/Tweads/inv-stripe/vendor/laravel/framework/src/Illuminate/Pipeline/Pipeline.php(101): call_user_func(Object(Closure), Object(Illuminate\Http\Request))
#28 /Applications/MAMP/htdocs/Tweads/inv-stripe/vendor/laravel/framework/src/Illuminate/Routing/Router.php(703): Illuminate\Pipeline\Pipeline->then(Object(Closure))
#29 /Applications/MAMP/htdocs/Tweads/inv-stripe/vendor/laravel/framework/src/Illuminate/Routing/Router.php(670): Illuminate\Routing\Router->runRouteWithinStack(Object(Illuminate\Routing\Route), Object(Illuminate\Http\Request))
#30 /Applications/MAMP/htdocs/Tweads/inv-stripe/vendor/laravel/framework/src/Illuminate/Routing/Router.php(628): Illuminate\Routing\Router->dispatchToRoute(Object(Illuminate\Http\Request))
#31 /Applications/MAMP/htdocs/Tweads/inv-stripe/vendor/laravel/framework/src/Illuminate/Foundation/Http/Kernel.php(214): Illuminate\Routing\Router->dispatch(Object(Illuminate\Http\Request))
#32 [internal function]: Illuminate\Foundation\Http\Kernel->Illuminate\Foundation\Http\{closure}(Object(Illuminate\Http\Request))
#33 /Applications/MAMP/htdocs/Tweads/inv-stripe/vendor/laravel/framework/src/Illuminate/Pipeline/Pipeline.php(141): call_user_func(Object(Closure), Object(Illuminate\Http\Request))
#34 /Applications/MAMP/htdocs/Tweads/inv-stripe/vendor/laravel/framework/src/Illuminate/Foundation/Http/Middleware/VerifyCsrfToken.php(43): Illuminate\Pipeline\Pipeline->Illuminate\Pipeline\{closure}(Object(Illuminate\Http\Request))
#35 /Applications/MAMP/htdocs/Tweads/inv-stripe/app/Http/Middleware/VerifyCsrfToken.php(17): Illuminate\Foundation\Http\Middleware\VerifyCsrfToken->handle(Object(Illuminate\Http\Request), Object(Closure))
#36 /Applications/MAMP/htdocs/Tweads/inv-stripe/vendor/laravel/framework/src/Illuminate/Pipeline/Pipeline.php(125): App\Http\Middleware\VerifyCsrfToken->handle(Object(Illuminate\Http\Request), Object(Closure))
#37 /Applications/MAMP/htdocs/Tweads/inv-stripe/vendor/laravel/framework/src/Illuminate/View/Middleware/ShareErrorsFromSession.php(55): Illuminate\Pipeline\Pipeline->Illuminate\Pipeline\{closure}(Object(Illuminate\Http\Request))
#38 /Applications/MAMP/htdocs/Tweads/inv-stripe/vendor/laravel/framework/src/Illuminate/Pipeline/Pipeline.php(125): Illuminate\View\Middleware\ShareErrorsFromSession->handle(Object(Illuminate\Http\Request), Object(Closure))
#39 /Applications/MAMP/htdocs/Tweads/inv-stripe/vendor/laravel/framework/src/Illuminate/Session/Middleware/StartSession.php(61): Illuminate\Pipeline\Pipeline->Illuminate\Pipeline\{closure}(Object(Illuminate\Http\Request))
#40 /Applications/MAMP/htdocs/Tweads/inv-stripe/vendor/laravel/framework/src/Illuminate/Pipeline/Pipeline.php(125): Illuminate\Session\Middleware\StartSession->handle(Object(Illuminate\Http\Request), Object(Closure))
#41 /Applications/MAMP/htdocs/Tweads/inv-stripe/vendor/laravel/framework/src/Illuminate/Cookie/Middleware/AddQueuedCookiesToResponse.php(36): Illuminate\Pipeline\Pipeline->Illuminate\Pipeline\{closure}(Object(Illuminate\Http\Request))
#42 /Applications/MAMP/htdocs/Tweads/inv-stripe/vendor/laravel/framework/src/Illuminate/Pipeline/Pipeline.php(125): Illuminate\Cookie\Middleware\AddQueuedCookiesToResponse->handle(Object(Illuminate\Http\Request), Object(Closure))
#43 /Applications/MAMP/htdocs/Tweads/inv-stripe/vendor/laravel/framework/src/Illuminate/Cookie/Middleware/EncryptCookies.php(40): Illuminate\Pipeline\Pipeline->Illuminate\Pipeline\{closure}(Object(Illuminate\Http\Request))
#44 /Applications/MAMP/htdocs/Tweads/inv-stripe/vendor/laravel/framework/src/Illuminate/Pipeline/Pipeline.php(125): Illuminate\Cookie\Middleware\EncryptCookies->handle(Object(Illuminate\Http\Request), Object(Closure))
#45 /Applications/MAMP/htdocs/Tweads/inv-stripe/vendor/laravel/framework/src/Illuminate/Foundation/Http/Middleware/CheckForMaintenanceMode.php(42): Illuminate\Pipeline\Pipeline->Illuminate\Pipeline\{closure}(Object(Illuminate\Http\Request))
#46 /Applications/MAMP/htdocs/Tweads/inv-stripe/vendor/laravel/framework/src/Illuminate/Pipeline/Pipeline.php(125): Illuminate\Foundation\Http\Middleware\CheckForMaintenanceMode->handle(Object(Illuminate\Http\Request), Object(Closure))
#47 [internal function]: Illuminate\Pipeline\Pipeline->Illuminate\Pipeline\{closure}(Object(Illuminate\Http\Request))
#48 /Applications/MAMP/htdocs/Tweads/inv-stripe/vendor/laravel/framework/src/Illuminate/Pipeline/Pipeline.php(101): call_user_func(Object(Closure), Object(Illuminate\Http\Request))
#49 /Applications/MAMP/htdocs/Tweads/inv-stripe/vendor/laravel/framework/src/Illuminate/Foundation/Http/Kernel.php(115): Illuminate\Pipeline\Pipeline->then(Object(Closure))
#50 /Applications/MAMP/htdocs/Tweads/inv-stripe/vendor/laravel/framework/src/Illuminate/Foundation/Http/Kernel.php(84): Illuminate\Foundation\Http\Kernel->sendRequestThroughRouter(Object(Illuminate\Http\Request))
#51 /Applications/MAMP/htdocs/Tweads/inv-stripe/public/index.php(54): Illuminate\Foundation\Http\Kernel->handle(Object(Illuminate\Http\Request))
#52 /Applications/MAMP/htdocs/Tweads/inv-stripe/server.php(21): require_once('/Applications/M...')
#53 {main}  
[2015-08-26 20:27:06] local.ERROR: exception 'GuzzleHttp\Exception\ClientException' with message 'Client error response [url] https://api.twitter.com/oauth/request_token [status code] 400 [reason phrase] Bad Request' in /Applications/MAMP/htdocs/Tweads/inv-stripe/vendor/guzzlehttp/guzzle/src/Exception/RequestException.php:89
Stack trace:
#0 /Applications/MAMP/htdocs/Tweads/inv-stripe/vendor/guzzlehttp/guzzle/src/Subscriber/HttpError.php(33): GuzzleHttp\Exception\RequestException::create(Object(GuzzleHttp\Message\Request), Object(GuzzleHttp\Message\Response))
#1 /Applications/MAMP/htdocs/Tweads/inv-stripe/vendor/guzzlehttp/guzzle/src/Event/Emitter.php(109): GuzzleHttp\Subscriber\HttpError->onComplete(Object(GuzzleHttp\Event\CompleteEvent), 'complete')
#2 /Applications/MAMP/htdocs/Tweads/inv-stripe/vendor/guzzlehttp/guzzle/src/RequestFsm.php(91): GuzzleHttp\Event\Emitter->emit('complete', Object(GuzzleHttp\Event\CompleteEvent))
#3 /Applications/MAMP/htdocs/Tweads/inv-stripe/vendor/guzzlehttp/guzzle/src/RequestFsm.php(132): GuzzleHttp\RequestFsm->__invoke(Object(GuzzleHttp\Transaction))
#4 /Applications/MAMP/htdocs/Tweads/inv-stripe/vendor/react/promise/src/FulfilledPromise.php(25): GuzzleHttp\RequestFsm->GuzzleHttp\{closure}(Array)
#5 /Applications/MAMP/htdocs/Tweads/inv-stripe/vendor/guzzlehttp/ringphp/src/Future/CompletedFutureValue.php(55): React\Promise\FulfilledPromise->then(Object(Closure), NULL, NULL)
#6 /Applications/MAMP/htdocs/Tweads/inv-stripe/vendor/guzzlehttp/guzzle/src/Message/FutureResponse.php(43): GuzzleHttp\Ring\Future\CompletedFutureValue->then(Object(Closure), NULL, NULL)
#7 /Applications/MAMP/htdocs/Tweads/inv-stripe/vendor/guzzlehttp/guzzle/src/RequestFsm.php(135): GuzzleHttp\Message\FutureResponse::proxy(Object(GuzzleHttp\Ring\Future\CompletedFutureArray), Object(Closure))
#8 /Applications/MAMP/htdocs/Tweads/inv-stripe/vendor/guzzlehttp/guzzle/src/Client.php(232): GuzzleHttp\RequestFsm->__invoke(Object(GuzzleHttp\Transaction))
#9 /Applications/MAMP/htdocs/Tweads/inv-stripe/vendor/guzzlehttp/guzzle/src/Client.php(217): GuzzleHttp\Client->send(Object(GuzzleHttp\Message\Request))
#10 /Applications/MAMP/htdocs/Tweads/inv-stripe/app/Http/Controllers/AuthController.php(320): GuzzleHttp\Client->post('https://api.twi...', Array)
#11 [internal function]: App\Http\Controllers\AuthController->twitter(Object(Illuminate\Http\Request))
#12 /Applications/MAMP/htdocs/Tweads/inv-stripe/vendor/laravel/framework/src/Illuminate/Routing/Controller.php(246): call_user_func_array(Array, Array)
#13 /Applications/MAMP/htdocs/Tweads/inv-stripe/vendor/laravel/framework/src/Illuminate/Routing/ControllerDispatcher.php(162): Illuminate\Routing\Controller->callAction('twitter', Array)
#14 /Applications/MAMP/htdocs/Tweads/inv-stripe/vendor/laravel/framework/src/Illuminate/Routing/ControllerDispatcher.php(107): Illuminate\Routing\ControllerDispatcher->call(Object(App\Http\Controllers\AuthController), Object(Illuminate\Routing\Route), 'twitter')
#15 [internal function]: Illuminate\Routing\ControllerDispatcher->Illuminate\Routing\{closure}(Object(Illuminate\Http\Request))
#16 /Applications/MAMP/htdocs/Tweads/inv-stripe/vendor/laravel/framework/src/Illuminate/Pipeline/Pipeline.php(141): call_user_func(Object(Closure), Object(Illuminate\Http\Request))
#17 [internal function]: Illuminate\Pipeline\Pipeline->Illuminate\Pipeline\{closure}(Object(Illuminate\Http\Request))
#18 /Applications/MAMP/htdocs/Tweads/inv-stripe/vendor/laravel/framework/src/Illuminate/Pipeline/Pipeline.php(101): call_user_func(Object(Closure), Object(Illuminate\Http\Request))
#19 /Applications/MAMP/htdocs/Tweads/inv-stripe/vendor/laravel/framework/src/Illuminate/Routing/ControllerDispatcher.php(108): Illuminate\Pipeline\Pipeline->then(Object(Closure))
#20 /Applications/MAMP/htdocs/Tweads/inv-stripe/vendor/laravel/framework/src/Illuminate/Routing/ControllerDispatcher.php(67): Illuminate\Routing\ControllerDispatcher->callWithinStack(Object(App\Http\Controllers\AuthController), Object(Illuminate\Routing\Route), Object(Illuminate\Http\Request), 'twitter')
#21 /Applications/MAMP/htdocs/Tweads/inv-stripe/vendor/laravel/framework/src/Illuminate/Routing/Route.php(204): Illuminate\Routing\ControllerDispatcher->dispatch(Object(Illuminate\Routing\Route), Object(Illuminate\Http\Request), 'App\\Http\\Contro...', 'twitter')
#22 /Applications/MAMP/htdocs/Tweads/inv-stripe/vendor/laravel/framework/src/Illuminate/Routing/Route.php(134): Illuminate\Routing\Route->runWithCustomDispatcher(Object(Illuminate\Http\Request))
#23 /Applications/MAMP/htdocs/Tweads/inv-stripe/vendor/laravel/framework/src/Illuminate/Routing/Router.php(701): Illuminate\Routing\Route->run(Object(Illuminate\Http\Request))
#24 [internal function]: Illuminate\Routing\Router->Illuminate\Routing\{closure}(Object(Illuminate\Http\Request))
#25 /Applications/MAMP/htdocs/Tweads/inv-stripe/vendor/laravel/framework/src/Illuminate/Pipeline/Pipeline.php(141): call_user_func(Object(Closure), Object(Illuminate\Http\Request))
#26 [internal function]: Illuminate\Pipeline\Pipeline->Illuminate\Pipeline\{closure}(Object(Illuminate\Http\Request))
#27 /Applications/MAMP/htdocs/Tweads/inv-stripe/vendor/laravel/framework/src/Illuminate/Pipeline/Pipeline.php(101): call_user_func(Object(Closure), Object(Illuminate\Http\Request))
#28 /Applications/MAMP/htdocs/Tweads/inv-stripe/vendor/laravel/framework/src/Illuminate/Routing/Router.php(703): Illuminate\Pipeline\Pipeline->then(Object(Closure))
#29 /Applications/MAMP/htdocs/Tweads/inv-stripe/vendor/laravel/framework/src/Illuminate/Routing/Router.php(670): Illuminate\Routing\Router->runRouteWithinStack(Object(Illuminate\Routing\Route), Object(Illuminate\Http\Request))
#30 /Applications/MAMP/htdocs/Tweads/inv-stripe/vendor/laravel/framework/src/Illuminate/Routing/Router.php(628): Illuminate\Routing\Router->dispatchToRoute(Object(Illuminate\Http\Request))
#31 /Applications/MAMP/htdocs/Tweads/inv-stripe/vendor/laravel/framework/src/Illuminate/Foundation/Http/Kernel.php(214): Illuminate\Routing\Router->dispatch(Object(Illuminate\Http\Request))
#32 [internal function]: Illuminate\Foundation\Http\Kernel->Illuminate\Foundation\Http\{closure}(Object(Illuminate\Http\Request))
#33 /Applications/MAMP/htdocs/Tweads/inv-stripe/vendor/laravel/framework/src/Illuminate/Pipeline/Pipeline.php(141): call_user_func(Object(Closure), Object(Illuminate\Http\Request))
#34 /Applications/MAMP/htdocs/Tweads/inv-stripe/vendor/laravel/framework/src/Illuminate/Foundation/Http/Middleware/VerifyCsrfToken.php(43): Illuminate\Pipeline\Pipeline->Illuminate\Pipeline\{closure}(Object(Illuminate\Http\Request))
#35 /Applications/MAMP/htdocs/Tweads/inv-stripe/app/Http/Middleware/VerifyCsrfToken.php(17): Illuminate\Foundation\Http\Middleware\VerifyCsrfToken->handle(Object(Illuminate\Http\Request), Object(Closure))
#36 /Applications/MAMP/htdocs/Tweads/inv-stripe/vendor/laravel/framework/src/Illuminate/Pipeline/Pipeline.php(125): App\Http\Middleware\VerifyCsrfToken->handle(Object(Illuminate\Http\Request), Object(Closure))
#37 /Applications/MAMP/htdocs/Tweads/inv-stripe/vendor/laravel/framework/src/Illuminate/View/Middleware/ShareErrorsFromSession.php(55): Illuminate\Pipeline\Pipeline->Illuminate\Pipeline\{closure}(Object(Illuminate\Http\Request))
#38 /Applications/MAMP/htdocs/Tweads/inv-stripe/vendor/laravel/framework/src/Illuminate/Pipeline/Pipeline.php(125): Illuminate\View\Middleware\ShareErrorsFromSession->handle(Object(Illuminate\Http\Request), Object(Closure))
#39 /Applications/MAMP/htdocs/Tweads/inv-stripe/vendor/laravel/framework/src/Illuminate/Session/Middleware/StartSession.php(61): Illuminate\Pipeline\Pipeline->Illuminate\Pipeline\{closure}(Object(Illuminate\Http\Request))
#40 /Applications/MAMP/htdocs/Tweads/inv-stripe/vendor/laravel/framework/src/Illuminate/Pipeline/Pipeline.php(125): Illuminate\Session\Middleware\StartSession->handle(Object(Illuminate\Http\Request), Object(Closure))
#41 /Applications/MAMP/htdocs/Tweads/inv-stripe/vendor/laravel/framework/src/Illuminate/Cookie/Middleware/AddQueuedCookiesToResponse.php(36): Illuminate\Pipeline\Pipeline->Illuminate\Pipeline\{closure}(Object(Illuminate\Http\Request))
#42 /Applications/MAMP/htdocs/Tweads/inv-stripe/vendor/laravel/framework/src/Illuminate/Pipeline/Pipeline.php(125): Illuminate\Cookie\Middleware\AddQueuedCookiesToResponse->handle(Object(Illuminate\Http\Request), Object(Closure))
#43 /Applications/MAMP/htdocs/Tweads/inv-stripe/vendor/laravel/framework/src/Illuminate/Cookie/Middleware/EncryptCookies.php(40): Illuminate\Pipeline\Pipeline->Illuminate\Pipeline\{closure}(Object(Illuminate\Http\Request))
#44 /Applications/MAMP/htdocs/Tweads/inv-stripe/vendor/laravel/framework/src/Illuminate/Pipeline/Pipeline.php(125): Illuminate\Cookie\Middleware\EncryptCookies->handle(Object(Illuminate\Http\Request), Object(Closure))
#45 /Applications/MAMP/htdocs/Tweads/inv-stripe/vendor/laravel/framework/src/Illuminate/Foundation/Http/Middleware/CheckForMaintenanceMode.php(42): Illuminate\Pipeline\Pipeline->Illuminate\Pipeline\{closure}(Object(Illuminate\Http\Request))
#46 /Applications/MAMP/htdocs/Tweads/inv-stripe/vendor/laravel/framework/src/Illuminate/Pipeline/Pipeline.php(125): Illuminate\Foundation\Http\Middleware\CheckForMaintenanceMode->handle(Object(Illuminate\Http\Request), Object(Closure))
#47 [internal function]: Illuminate\Pipeline\Pipeline->Illuminate\Pipeline\{closure}(Object(Illuminate\Http\Request))
#48 /Applications/MAMP/htdocs/Tweads/inv-stripe/vendor/laravel/framework/src/Illuminate/Pipeline/Pipeline.php(101): call_user_func(Object(Closure), Object(Illuminate\Http\Request))
#49 /Applications/MAMP/htdocs/Tweads/inv-stripe/vendor/laravel/framework/src/Illuminate/Foundation/Http/Kernel.php(115): Illuminate\Pipeline\Pipeline->then(Object(Closure))
#50 /Applications/MAMP/htdocs/Tweads/inv-stripe/vendor/laravel/framework/src/Illuminate/Foundation/Http/Kernel.php(84): Illuminate\Foundation\Http\Kernel->sendRequestThroughRouter(Object(Illuminate\Http\Request))
#51 /Applications/MAMP/htdocs/Tweads/inv-stripe/public/index.php(54): Illuminate\Foundation\Http\Kernel->handle(Object(Illuminate\Http\Request))
#52 /Applications/MAMP/htdocs/Tweads/inv-stripe/server.php(21): require_once('/Applications/M...')
#53 {main}  
[2015-08-26 20:56:51] local.ERROR: exception 'Symfony\Component\Debug\Exception\FatalErrorException' with message 'Cannot redeclare class AddCashierColumns' in /Applications/MAMP/htdocs/Tweads/inv-stripe/database/migrations/2015_08_24_141755_add_cashier_columns.php:42
Stack trace:
#0 {main}  
[2015-08-26 21:01:15] local.ERROR: exception 'RuntimeException' with message 'Too many arguments.' in /Applications/MAMP/htdocs/Tweads/inv-stripe/vendor/symfony/console/Symfony/Component/Console/Input/ArgvInput.php:181
Stack trace:
#0 /Applications/MAMP/htdocs/Tweads/inv-stripe/vendor/symfony/console/Symfony/Component/Console/Input/ArgvInput.php(90): Symfony\Component\Console\Input\ArgvInput->parseArgument('CreateUsersTabl...')
#1 /Applications/MAMP/htdocs/Tweads/inv-stripe/vendor/symfony/console/Symfony/Component/Console/Input/Input.php(61): Symfony\Component\Console\Input\ArgvInput->parse()
#2 /Applications/MAMP/htdocs/Tweads/inv-stripe/vendor/symfony/console/Symfony/Component/Console/Command/Command.php(229): Symfony\Component\Console\Input\Input->bind(Object(Symfony\Component\Console\Input\InputDefinition))
#3 /Applications/MAMP/htdocs/Tweads/inv-stripe/vendor/laravel/framework/src/Illuminate/Console/Command.php(101): Symfony\Component\Console\Command\Command->run(Object(Symfony\Component\Console\Input\ArgvInput), Object(Symfony\Component\Console\Output\ConsoleOutput))
#4 /Applications/MAMP/htdocs/Tweads/inv-stripe/vendor/symfony/console/Symfony/Component/Console/Application.php(874): Illuminate\Console\Command->run(Object(Symfony\Component\Console\Input\ArgvInput), Object(Symfony\Component\Console\Output\ConsoleOutput))
#5 /Applications/MAMP/htdocs/Tweads/inv-stripe/vendor/symfony/console/Symfony/Component/Console/Application.php(195): Symfony\Component\Console\Application->doRunCommand(Object(Illuminate\Database\Console\Migrations\MigrateCommand), Object(Symfony\Component\Console\Input\ArgvInput), Object(Symfony\Component\Console\Output\ConsoleOutput))
#6 /Applications/MAMP/htdocs/Tweads/inv-stripe/vendor/symfony/console/Symfony/Component/Console/Application.php(126): Symfony\Component\Console\Application->doRun(Object(Symfony\Component\Console\Input\ArgvInput), Object(Symfony\Component\Console\Output\ConsoleOutput))
#7 /Applications/MAMP/htdocs/Tweads/inv-stripe/vendor/laravel/framework/src/Illuminate/Foundation/Console/Kernel.php(94): Symfony\Component\Console\Application->run(Object(Symfony\Component\Console\Input\ArgvInput), Object(Symfony\Component\Console\Output\ConsoleOutput))
#8 /Applications/MAMP/htdocs/Tweads/inv-stripe/artisan(36): Illuminate\Foundation\Console\Kernel->handle(Object(Symfony\Component\Console\Input\ArgvInput), Object(Symfony\Component\Console\Output\ConsoleOutput))
#9 {main}  
[2015-08-26 21:01:19] local.ERROR: exception 'RuntimeException' with message 'Too many arguments.' in /Applications/MAMP/htdocs/Tweads/inv-stripe/vendor/symfony/console/Symfony/Component/Console/Input/ArgvInput.php:181
Stack trace:
#0 /Applications/MAMP/htdocs/Tweads/inv-stripe/vendor/symfony/console/Symfony/Component/Console/Input/ArgvInput.php(90): Symfony\Component\Console\Input\ArgvInput->parseArgument('CreateUsersTabl...')
#1 /Applications/MAMP/htdocs/Tweads/inv-stripe/vendor/symfony/console/Symfony/Component/Console/Input/Input.php(61): Symfony\Component\Console\Input\ArgvInput->parse()
#2 /Applications/MAMP/htdocs/Tweads/inv-stripe/vendor/symfony/console/Symfony/Component/Console/Command/Command.php(229): Symfony\Component\Console\Input\Input->bind(Object(Symfony\Component\Console\Input\InputDefinition))
#3 /Applications/MAMP/htdocs/Tweads/inv-stripe/vendor/laravel/framework/src/Illuminate/Console/Command.php(101): Symfony\Component\Console\Command\Command->run(Object(Symfony\Component\Console\Input\ArgvInput), Object(Symfony\Component\Console\Output\ConsoleOutput))
#4 /Applications/MAMP/htdocs/Tweads/inv-stripe/vendor/symfony/console/Symfony/Component/Console/Application.php(874): Illuminate\Console\Command->run(Object(Symfony\Component\Console\Input\ArgvInput), Object(Symfony\Component\Console\Output\ConsoleOutput))
#5 /Applications/MAMP/htdocs/Tweads/inv-stripe/vendor/symfony/console/Symfony/Component/Console/Application.php(195): Symfony\Component\Console\Application->doRunCommand(Object(Illuminate\Database\Console\Migrations\MigrateCommand), Object(Symfony\Component\Console\Input\ArgvInput), Object(Symfony\Component\Console\Output\ConsoleOutput))
#6 /Applications/MAMP/htdocs/Tweads/inv-stripe/vendor/symfony/console/Symfony/Component/Console/Application.php(126): Symfony\Component\Console\Application->doRun(Object(Symfony\Component\Console\Input\ArgvInput), Object(Symfony\Component\Console\Output\ConsoleOutput))
#7 /Applications/MAMP/htdocs/Tweads/inv-stripe/vendor/laravel/framework/src/Illuminate/Foundation/Console/Kernel.php(94): Symfony\Component\Console\Application->run(Object(Symfony\Component\Console\Input\ArgvInput), Object(Symfony\Component\Console\Output\ConsoleOutput))
#8 /Applications/MAMP/htdocs/Tweads/inv-stripe/artisan(36): Illuminate\Foundation\Console\Kernel->handle(Object(Symfony\Component\Console\Input\ArgvInput), Object(Symfony\Component\Console\Output\ConsoleOutput))
#9 {main}  
[2015-08-26 21:02:09] local.ERROR: exception 'PDOException' with message 'SQLSTATE[42S02]: Base table or view not found: 1146 Table 'stripe.users' doesn't exist' in /Applications/MAMP/htdocs/Tweads/inv-stripe/vendor/laravel/framework/src/Illuminate/Database/Connection.php:362
Stack trace:
#0 /Applications/MAMP/htdocs/Tweads/inv-stripe/vendor/laravel/framework/src/Illuminate/Database/Connection.php(362): PDOStatement->execute(Array)
#1 /Applications/MAMP/htdocs/Tweads/inv-stripe/vendor/laravel/framework/src/Illuminate/Database/Connection.php(616): Illuminate\Database\Connection->Illuminate\Database\{closure}(Object(Illuminate\Database\MySqlConnection), 'alter table `us...', Array)
#2 /Applications/MAMP/htdocs/Tweads/inv-stripe/vendor/laravel/framework/src/Illuminate/Database/Connection.php(580): Illuminate\Database\Connection->runQueryCallback('alter table `us...', Array, Object(Closure))
#3 /Applications/MAMP/htdocs/Tweads/inv-stripe/vendor/laravel/framework/src/Illuminate/Database/Connection.php(363): Illuminate\Database\Connection->run('alter table `us...', Array, Object(Closure))
#4 /Applications/MAMP/htdocs/Tweads/inv-stripe/vendor/laravel/framework/src/Illuminate/Database/Schema/Blueprint.php(63): Illuminate\Database\Connection->statement('alter table `us...')
#5 /Applications/MAMP/htdocs/Tweads/inv-stripe/vendor/laravel/framework/src/Illuminate/Database/Schema/Builder.php(188): Illuminate\Database\Schema\Blueprint->build(Object(Illuminate\Database\MySqlConnection), Object(Illuminate\Database\Schema\Grammars\MySqlGrammar))
#6 /Applications/MAMP/htdocs/Tweads/inv-stripe/vendor/laravel/framework/src/Illuminate/Database/Schema/Builder.php(113): Illuminate\Database\Schema\Builder->build(Object(Illuminate\Database\Schema\Blueprint))
#7 /Applications/MAMP/htdocs/Tweads/inv-stripe/vendor/laravel/framework/src/Illuminate/Support/Facades/Facade.php(213): Illuminate\Database\Schema\Builder->table('users', Object(Closure))
#8 /Applications/MAMP/htdocs/Tweads/inv-stripe/database/migrations/2015_08_14_133847_add_cashier_columns.php(39): Illuminate\Support\Facades\Facade::__callStatic('table', Array)
#9 /Applications/MAMP/htdocs/Tweads/inv-stripe/database/migrations/2015_08_14_133847_add_cashier_columns.php(39): Illuminate\Support\Facades\Schema::table('users', Object(Closure))
#10 /Applications/MAMP/htdocs/Tweads/inv-stripe/vendor/laravel/framework/src/Illuminate/Database/Migrations/Migrator.php(226): AddCashierColumns->down()
#11 /Applications/MAMP/htdocs/Tweads/inv-stripe/vendor/laravel/framework/src/Illuminate/Database/Migrations/Migrator.php(199): Illuminate\Database\Migrations\Migrator->runDown(Object(stdClass), false)
#12 /Applications/MAMP/htdocs/Tweads/inv-stripe/vendor/laravel/framework/src/Illuminate/Database/Console/Migrations/ResetCommand.php(66): Illuminate\Database\Migrations\Migrator->reset(false)
#13 [internal function]: Illuminate\Database\Console\Migrations\ResetCommand->fire()
#14 /Applications/MAMP/htdocs/Tweads/inv-stripe/vendor/laravel/framework/src/Illuminate/Container/Container.php(526): call_user_func_array(Array, Array)
#15 /Applications/MAMP/htdocs/Tweads/inv-stripe/vendor/laravel/framework/src/Illuminate/Console/Command.php(115): Illuminate\Container\Container->call(Array)
#16 /Applications/MAMP/htdocs/Tweads/inv-stripe/vendor/symfony/console/Symfony/Component/Console/Command/Command.php(257): Illuminate\Console\Command->execute(Object(Symfony\Component\Console\Input\ArrayInput), Object(Symfony\Component\Console\Output\ConsoleOutput))
#17 /Applications/MAMP/htdocs/Tweads/inv-stripe/vendor/laravel/framework/src/Illuminate/Console/Command.php(101): Symfony\Component\Console\Command\Command->run(Object(Symfony\Component\Console\Input\ArrayInput), Object(Symfony\Component\Console\Output\ConsoleOutput))
#18 /Applications/MAMP/htdocs/Tweads/inv-stripe/vendor/laravel/framework/src/Illuminate/Console/Command.php(131): Illuminate\Console\Command->run(Object(Symfony\Component\Console\Input\ArrayInput), Object(Symfony\Component\Console\Output\ConsoleOutput))
#19 /Applications/MAMP/htdocs/Tweads/inv-stripe/vendor/laravel/framework/src/Illuminate/Database/Console/Migrations/RefreshCommand.php(40): Illuminate\Console\Command->call('migrate:reset', Array)
#20 [internal function]: Illuminate\Database\Console\Migrations\RefreshCommand->fire()
#21 /Applications/MAMP/htdocs/Tweads/inv-stripe/vendor/laravel/framework/src/Illuminate/Container/Container.php(526): call_user_func_array(Array, Array)
#22 /Applications/MAMP/htdocs/Tweads/inv-stripe/vendor/laravel/framework/src/Illuminate/Console/Command.php(115): Illuminate\Container\Container->call(Array)
#23 /Applications/MAMP/htdocs/Tweads/inv-stripe/vendor/symfony/console/Symfony/Component/Console/Command/Command.php(257): Illuminate\Console\Command->execute(Object(Symfony\Component\Console\Input\ArgvInput), Object(Symfony\Component\Console\Output\ConsoleOutput))
#24 /Applications/MAMP/htdocs/Tweads/inv-stripe/vendor/laravel/framework/src/Illuminate/Console/Command.php(101): Symfony\Component\Console\Command\Command->run(Object(Symfony\Component\Console\Input\ArgvInput), Object(Symfony\Component\Console\Output\ConsoleOutput))
#25 /Applications/MAMP/htdocs/Tweads/inv-stripe/vendor/symfony/console/Symfony/Component/Console/Application.php(874): Illuminate\Console\Command->run(Object(Symfony\Component\Console\Input\ArgvInput), Object(Symfony\Component\Console\Output\ConsoleOutput))
#26 /Applications/MAMP/htdocs/Tweads/inv-stripe/vendor/symfony/console/Symfony/Component/Console/Application.php(195): Symfony\Component\Console\Application->doRunCommand(Object(Illuminate\Database\Console\Migrations\RefreshCommand), Object(Symfony\Component\Console\Input\ArgvInput), Object(Symfony\Component\Console\Output\ConsoleOutput))
#27 /Applications/MAMP/htdocs/Tweads/inv-stripe/vendor/symfony/console/Symfony/Component/Console/Application.php(126): Symfony\Component\Console\Application->doRun(Object(Symfony\Component\Console\Input\ArgvInput), Object(Symfony\Component\Console\Output\ConsoleOutput))
#28 /Applications/MAMP/htdocs/Tweads/inv-stripe/vendor/laravel/framework/src/Illuminate/Foundation/Console/Kernel.php(94): Symfony\Component\Console\Application->run(Object(Symfony\Component\Console\Input\ArgvInput), Object(Symfony\Component\Console\Output\ConsoleOutput))
#29 /Applications/MAMP/htdocs/Tweads/inv-stripe/artisan(36): Illuminate\Foundation\Console\Kernel->handle(Object(Symfony\Component\Console\Input\ArgvInput), Object(Symfony\Component\Console\Output\ConsoleOutput))
#30 {main}

Next exception 'Illuminate\Database\QueryException' with message 'SQLSTATE[42S02]: Base table or view not found: 1146 Table 'stripe.users' doesn't exist (SQL: alter table `users` drop `stripe_active`, drop `stripe_id`, drop `stripe_subscription`, drop `stripe_plan`, drop `last_four`, drop `trial_ends_at`, drop `subscription_ends_at`)' in /Applications/MAMP/htdocs/Tweads/inv-stripe/vendor/laravel/framework/src/Illuminate/Database/Connection.php:624
Stack trace:
#0 /Applications/MAMP/htdocs/Tweads/inv-stripe/vendor/laravel/framework/src/Illuminate/Database/Connection.php(580): Illuminate\Database\Connection->runQueryCallback('alter table `us...', Array, Object(Closure))
#1 /Applications/MAMP/htdocs/Tweads/inv-stripe/vendor/laravel/framework/src/Illuminate/Database/Connection.php(363): Illuminate\Database\Connection->run('alter table `us...', Array, Object(Closure))
#2 /Applications/MAMP/htdocs/Tweads/inv-stripe/vendor/laravel/framework/src/Illuminate/Database/Schema/Blueprint.php(63): Illuminate\Database\Connection->statement('alter table `us...')
#3 /Applications/MAMP/htdocs/Tweads/inv-stripe/vendor/laravel/framework/src/Illuminate/Database/Schema/Builder.php(188): Illuminate\Database\Schema\Blueprint->build(Object(Illuminate\Database\MySqlConnection), Object(Illuminate\Database\Schema\Grammars\MySqlGrammar))
#4 /Applications/MAMP/htdocs/Tweads/inv-stripe/vendor/laravel/framework/src/Illuminate/Database/Schema/Builder.php(113): Illuminate\Database\Schema\Builder->build(Object(Illuminate\Database\Schema\Blueprint))
#5 /Applications/MAMP/htdocs/Tweads/inv-stripe/vendor/laravel/framework/src/Illuminate/Support/Facades/Facade.php(213): Illuminate\Database\Schema\Builder->table('users', Object(Closure))
#6 /Applications/MAMP/htdocs/Tweads/inv-stripe/database/migrations/2015_08_14_133847_add_cashier_columns.php(39): Illuminate\Support\Facades\Facade::__callStatic('table', Array)
#7 /Applications/MAMP/htdocs/Tweads/inv-stripe/database/migrations/2015_08_14_133847_add_cashier_columns.php(39): Illuminate\Support\Facades\Schema::table('users', Object(Closure))
#8 /Applications/MAMP/htdocs/Tweads/inv-stripe/vendor/laravel/framework/src/Illuminate/Database/Migrations/Migrator.php(226): AddCashierColumns->down()
#9 /Applications/MAMP/htdocs/Tweads/inv-stripe/vendor/laravel/framework/src/Illuminate/Database/Migrations/Migrator.php(199): Illuminate\Database\Migrations\Migrator->runDown(Object(stdClass), false)
#10 /Applications/MAMP/htdocs/Tweads/inv-stripe/vendor/laravel/framework/src/Illuminate/Database/Console/Migrations/ResetCommand.php(66): Illuminate\Database\Migrations\Migrator->reset(false)
#11 [internal function]: Illuminate\Database\Console\Migrations\ResetCommand->fire()
#12 /Applications/MAMP/htdocs/Tweads/inv-stripe/vendor/laravel/framework/src/Illuminate/Container/Container.php(526): call_user_func_array(Array, Array)
#13 /Applications/MAMP/htdocs/Tweads/inv-stripe/vendor/laravel/framework/src/Illuminate/Console/Command.php(115): Illuminate\Container\Container->call(Array)
#14 /Applications/MAMP/htdocs/Tweads/inv-stripe/vendor/symfony/console/Symfony/Component/Console/Command/Command.php(257): Illuminate\Console\Command->execute(Object(Symfony\Component\Console\Input\ArrayInput), Object(Symfony\Component\Console\Output\ConsoleOutput))
#15 /Applications/MAMP/htdocs/Tweads/inv-stripe/vendor/laravel/framework/src/Illuminate/Console/Command.php(101): Symfony\Component\Console\Command\Command->run(Object(Symfony\Component\Console\Input\ArrayInput), Object(Symfony\Component\Console\Output\ConsoleOutput))
#16 /Applications/MAMP/htdocs/Tweads/inv-stripe/vendor/laravel/framework/src/Illuminate/Console/Command.php(131): Illuminate\Console\Command->run(Object(Symfony\Component\Console\Input\ArrayInput), Object(Symfony\Component\Console\Output\ConsoleOutput))
#17 /Applications/MAMP/htdocs/Tweads/inv-stripe/vendor/laravel/framework/src/Illuminate/Database/Console/Migrations/RefreshCommand.php(40): Illuminate\Console\Command->call('migrate:reset', Array)
#18 [internal function]: Illuminate\Database\Console\Migrations\RefreshCommand->fire()
#19 /Applications/MAMP/htdocs/Tweads/inv-stripe/vendor/laravel/framework/src/Illuminate/Container/Container.php(526): call_user_func_array(Array, Array)
#20 /Applications/MAMP/htdocs/Tweads/inv-stripe/vendor/laravel/framework/src/Illuminate/Console/Command.php(115): Illuminate\Container\Container->call(Array)
#21 /Applications/MAMP/htdocs/Tweads/inv-stripe/vendor/symfony/console/Symfony/Component/Console/Command/Command.php(257): Illuminate\Console\Command->execute(Object(Symfony\Component\Console\Input\ArgvInput), Object(Symfony\Component\Console\Output\ConsoleOutput))
#22 /Applications/MAMP/htdocs/Tweads/inv-stripe/vendor/laravel/framework/src/Illuminate/Console/Command.php(101): Symfony\Component\Console\Command\Command->run(Object(Symfony\Component\Console\Input\ArgvInput), Object(Symfony\Component\Console\Output\ConsoleOutput))
#23 /Applications/MAMP/htdocs/Tweads/inv-stripe/vendor/symfony/console/Symfony/Component/Console/Application.php(874): Illuminate\Console\Command->run(Object(Symfony\Component\Console\Input\ArgvInput), Object(Symfony\Component\Console\Output\ConsoleOutput))
#24 /Applications/MAMP/htdocs/Tweads/inv-stripe/vendor/symfony/console/Symfony/Component/Console/Application.php(195): Symfony\Component\Console\Application->doRunCommand(Object(Illuminate\Database\Console\Migrations\RefreshCommand), Object(Symfony\Component\Console\Input\ArgvInput), Object(Symfony\Component\Console\Output\ConsoleOutput))
#25 /Applications/MAMP/htdocs/Tweads/inv-stripe/vendor/symfony/console/Symfony/Component/Console/Application.php(126): Symfony\Component\Console\Application->doRun(Object(Symfony\Component\Console\Input\ArgvInput), Object(Symfony\Component\Console\Output\ConsoleOutput))
#26 /Applications/MAMP/htdocs/Tweads/inv-stripe/vendor/laravel/framework/src/Illuminate/Foundation/Console/Kernel.php(94): Symfony\Component\Console\Application->run(Object(Symfony\Component\Console\Input\ArgvInput), Object(Symfony\Component\Console\Output\ConsoleOutput))
#27 /Applications/MAMP/htdocs/Tweads/inv-stripe/artisan(36): Illuminate\Foundation\Console\Kernel->handle(Object(Symfony\Component\Console\Input\ArgvInput), Object(Symfony\Component\Console\Output\ConsoleOutput))
#28 {main}  
[2015-08-26 21:03:21] local.ERROR: exception 'PDOException' with message 'SQLSTATE[42S02]: Base table or view not found: 1146 Table 'stripe.users' doesn't exist' in /Applications/MAMP/htdocs/Tweads/inv-stripe/vendor/laravel/framework/src/Illuminate/Database/Connection.php:362
Stack trace:
#0 /Applications/MAMP/htdocs/Tweads/inv-stripe/vendor/laravel/framework/src/Illuminate/Database/Connection.php(362): PDOStatement->execute(Array)
#1 /Applications/MAMP/htdocs/Tweads/inv-stripe/vendor/laravel/framework/src/Illuminate/Database/Connection.php(616): Illuminate\Database\Connection->Illuminate\Database\{closure}(Object(Illuminate\Database\MySqlConnection), 'alter table `us...', Array)
#2 /Applications/MAMP/htdocs/Tweads/inv-stripe/vendor/laravel/framework/src/Illuminate/Database/Connection.php(580): Illuminate\Database\Connection->runQueryCallback('alter table `us...', Array, Object(Closure))
#3 /Applications/MAMP/htdocs/Tweads/inv-stripe/vendor/laravel/framework/src/Illuminate/Database/Connection.php(363): Illuminate\Database\Connection->run('alter table `us...', Array, Object(Closure))
#4 /Applications/MAMP/htdocs/Tweads/inv-stripe/vendor/laravel/framework/src/Illuminate/Database/Schema/Blueprint.php(63): Illuminate\Database\Connection->statement('alter table `us...')
#5 /Applications/MAMP/htdocs/Tweads/inv-stripe/vendor/laravel/framework/src/Illuminate/Database/Schema/Builder.php(188): Illuminate\Database\Schema\Blueprint->build(Object(Illuminate\Database\MySqlConnection), Object(Illuminate\Database\Schema\Grammars\MySqlGrammar))
#6 /Applications/MAMP/htdocs/Tweads/inv-stripe/vendor/laravel/framework/src/Illuminate/Database/Schema/Builder.php(113): Illuminate\Database\Schema\Builder->build(Object(Illuminate\Database\Schema\Blueprint))
#7 /Applications/MAMP/htdocs/Tweads/inv-stripe/vendor/laravel/framework/src/Illuminate/Support/Facades/Facade.php(213): Illuminate\Database\Schema\Builder->table('users', Object(Closure))
#8 /Applications/MAMP/htdocs/Tweads/inv-stripe/database/migrations/2015_08_14_133847_add_cashier_columns.php(39): Illuminate\Support\Facades\Facade::__callStatic('table', Array)
#9 /Applications/MAMP/htdocs/Tweads/inv-stripe/database/migrations/2015_08_14_133847_add_cashier_columns.php(39): Illuminate\Support\Facades\Schema::table('users', Object(Closure))
#10 /Applications/MAMP/htdocs/Tweads/inv-stripe/vendor/laravel/framework/src/Illuminate/Database/Migrations/Migrator.php(226): AddCashierColumns->down()
#11 /Applications/MAMP/htdocs/Tweads/inv-stripe/vendor/laravel/framework/src/Illuminate/Database/Migrations/Migrator.php(199): Illuminate\Database\Migrations\Migrator->runDown(Object(stdClass), false)
#12 /Applications/MAMP/htdocs/Tweads/inv-stripe/vendor/laravel/framework/src/Illuminate/Database/Console/Migrations/ResetCommand.php(66): Illuminate\Database\Migrations\Migrator->reset(false)
#13 [internal function]: Illuminate\Database\Console\Migrations\ResetCommand->fire()
#14 /Applications/MAMP/htdocs/Tweads/inv-stripe/vendor/laravel/framework/src/Illuminate/Container/Container.php(526): call_user_func_array(Array, Array)
#15 /Applications/MAMP/htdocs/Tweads/inv-stripe/vendor/laravel/framework/src/Illuminate/Console/Command.php(115): Illuminate\Container\Container->call(Array)
#16 /Applications/MAMP/htdocs/Tweads/inv-stripe/vendor/symfony/console/Symfony/Component/Console/Command/Command.php(257): Illuminate\Console\Command->execute(Object(Symfony\Component\Console\Input\ArgvInput), Object(Symfony\Component\Console\Output\ConsoleOutput))
#17 /Applications/MAMP/htdocs/Tweads/inv-stripe/vendor/laravel/framework/src/Illuminate/Console/Command.php(101): Symfony\Component\Console\Command\Command->run(Object(Symfony\Component\Console\Input\ArgvInput), Object(Symfony\Component\Console\Output\ConsoleOutput))
#18 /Applications/MAMP/htdocs/Tweads/inv-stripe/vendor/symfony/console/Symfony/Component/Console/Application.php(874): Illuminate\Console\Command->run(Object(Symfony\Component\Console\Input\ArgvInput), Object(Symfony\Component\Console\Output\ConsoleOutput))
#19 /Applications/MAMP/htdocs/Tweads/inv-stripe/vendor/symfony/console/Symfony/Component/Console/Application.php(195): Symfony\Component\Console\Application->doRunCommand(Object(Illuminate\Database\Console\Migrations\ResetCommand), Object(Symfony\Component\Console\Input\ArgvInput), Object(Symfony\Component\Console\Output\ConsoleOutput))
#20 /Applications/MAMP/htdocs/Tweads/inv-stripe/vendor/symfony/console/Symfony/Component/Console/Application.php(126): Symfony\Component\Console\Application->doRun(Object(Symfony\Component\Console\Input\ArgvInput), Object(Symfony\Component\Console\Output\ConsoleOutput))
#21 /Applications/MAMP/htdocs/Tweads/inv-stripe/vendor/laravel/framework/src/Illuminate/Foundation/Console/Kernel.php(94): Symfony\Component\Console\Application->run(Object(Symfony\Component\Console\Input\ArgvInput), Object(Symfony\Component\Console\Output\ConsoleOutput))
#22 /Applications/MAMP/htdocs/Tweads/inv-stripe/artisan(36): Illuminate\Foundation\Console\Kernel->handle(Object(Symfony\Component\Console\Input\ArgvInput), Object(Symfony\Component\Console\Output\ConsoleOutput))
#23 {main}

Next exception 'Illuminate\Database\QueryException' with message 'SQLSTATE[42S02]: Base table or view not found: 1146 Table 'stripe.users' doesn't exist (SQL: alter table `users` drop `stripe_active`, drop `stripe_id`, drop `stripe_subscription`, drop `stripe_plan`, drop `last_four`, drop `trial_ends_at`, drop `subscription_ends_at`)' in /Applications/MAMP/htdocs/Tweads/inv-stripe/vendor/laravel/framework/src/Illuminate/Database/Connection.php:624
Stack trace:
#0 /Applications/MAMP/htdocs/Tweads/inv-stripe/vendor/laravel/framework/src/Illuminate/Database/Connection.php(580): Illuminate\Database\Connection->runQueryCallback('alter table `us...', Array, Object(Closure))
#1 /Applications/MAMP/htdocs/Tweads/inv-stripe/vendor/laravel/framework/src/Illuminate/Database/Connection.php(363): Illuminate\Database\Connection->run('alter table `us...', Array, Object(Closure))
#2 /Applications/MAMP/htdocs/Tweads/inv-stripe/vendor/laravel/framework/src/Illuminate/Database/Schema/Blueprint.php(63): Illuminate\Database\Connection->statement('alter table `us...')
#3 /Applications/MAMP/htdocs/Tweads/inv-stripe/vendor/laravel/framework/src/Illuminate/Database/Schema/Builder.php(188): Illuminate\Database\Schema\Blueprint->build(Object(Illuminate\Database\MySqlConnection), Object(Illuminate\Database\Schema\Grammars\MySqlGrammar))
#4 /Applications/MAMP/htdocs/Tweads/inv-stripe/vendor/laravel/framework/src/Illuminate/Database/Schema/Builder.php(113): Illuminate\Database\Schema\Builder->build(Object(Illuminate\Database\Schema\Blueprint))
#5 /Applications/MAMP/htdocs/Tweads/inv-stripe/vendor/laravel/framework/src/Illuminate/Support/Facades/Facade.php(213): Illuminate\Database\Schema\Builder->table('users', Object(Closure))
#6 /Applications/MAMP/htdocs/Tweads/inv-stripe/database/migrations/2015_08_14_133847_add_cashier_columns.php(39): Illuminate\Support\Facades\Facade::__callStatic('table', Array)
#7 /Applications/MAMP/htdocs/Tweads/inv-stripe/database/migrations/2015_08_14_133847_add_cashier_columns.php(39): Illuminate\Support\Facades\Schema::table('users', Object(Closure))
#8 /Applications/MAMP/htdocs/Tweads/inv-stripe/vendor/laravel/framework/src/Illuminate/Database/Migrations/Migrator.php(226): AddCashierColumns->down()
#9 /Applications/MAMP/htdocs/Tweads/inv-stripe/vendor/laravel/framework/src/Illuminate/Database/Migrations/Migrator.php(199): Illuminate\Database\Migrations\Migrator->runDown(Object(stdClass), false)
#10 /Applications/MAMP/htdocs/Tweads/inv-stripe/vendor/laravel/framework/src/Illuminate/Database/Console/Migrations/ResetCommand.php(66): Illuminate\Database\Migrations\Migrator->reset(false)
#11 [internal function]: Illuminate\Database\Console\Migrations\ResetCommand->fire()
#12 /Applications/MAMP/htdocs/Tweads/inv-stripe/vendor/laravel/framework/src/Illuminate/Container/Container.php(526): call_user_func_array(Array, Array)
#13 /Applications/MAMP/htdocs/Tweads/inv-stripe/vendor/laravel/framework/src/Illuminate/Console/Command.php(115): Illuminate\Container\Container->call(Array)
#14 /Applications/MAMP/htdocs/Tweads/inv-stripe/vendor/symfony/console/Symfony/Component/Console/Command/Command.php(257): Illuminate\Console\Command->execute(Object(Symfony\Component\Console\Input\ArgvInput), Object(Symfony\Component\Console\Output\ConsoleOutput))
#15 /Applications/MAMP/htdocs/Tweads/inv-stripe/vendor/laravel/framework/src/Illuminate/Console/Command.php(101): Symfony\Component\Console\Command\Command->run(Object(Symfony\Component\Console\Input\ArgvInput), Object(Symfony\Component\Console\Output\ConsoleOutput))
#16 /Applications/MAMP/htdocs/Tweads/inv-stripe/vendor/symfony/console/Symfony/Component/Console/Application.php(874): Illuminate\Console\Command->run(Object(Symfony\Component\Console\Input\ArgvInput), Object(Symfony\Component\Console\Output\ConsoleOutput))
#17 /Applications/MAMP/htdocs/Tweads/inv-stripe/vendor/symfony/console/Symfony/Component/Console/Application.php(195): Symfony\Component\Console\Application->doRunCommand(Object(Illuminate\Database\Console\Migrations\ResetCommand), Object(Symfony\Component\Console\Input\ArgvInput), Object(Symfony\Component\Console\Output\ConsoleOutput))
#18 /Applications/MAMP/htdocs/Tweads/inv-stripe/vendor/symfony/console/Symfony/Component/Console/Application.php(126): Symfony\Component\Console\Application->doRun(Object(Symfony\Component\Console\Input\ArgvInput), Object(Symfony\Component\Console\Output\ConsoleOutput))
#19 /Applications/MAMP/htdocs/Tweads/inv-stripe/vendor/laravel/framework/src/Illuminate/Foundation/Console/Kernel.php(94): Symfony\Component\Console\Application->run(Object(Symfony\Component\Console\Input\ArgvInput), Object(Symfony\Component\Console\Output\ConsoleOutput))
#20 /Applications/MAMP/htdocs/Tweads/inv-stripe/artisan(36): Illuminate\Foundation\Console\Kernel->handle(Object(Symfony\Component\Console\Input\ArgvInput), Object(Symfony\Component\Console\Output\ConsoleOutput))
#21 {main}  
[2015-08-26 21:05:05] local.ERROR: exception 'PDOException' with message 'SQLSTATE[42S01]: Base table or view already exists: 1050 Table 'migrations' already exists' in /Applications/MAMP/htdocs/Tweads/inv-stripe/vendor/laravel/framework/src/Illuminate/Database/Connection.php:362
Stack trace:
#0 /Applications/MAMP/htdocs/Tweads/inv-stripe/vendor/laravel/framework/src/Illuminate/Database/Connection.php(362): PDOStatement->execute(Array)
#1 /Applications/MAMP/htdocs/Tweads/inv-stripe/vendor/laravel/framework/src/Illuminate/Database/Connection.php(616): Illuminate\Database\Connection->Illuminate\Database\{closure}(Object(Illuminate\Database\MySqlConnection), 'create table `m...', Array)
#2 /Applications/MAMP/htdocs/Tweads/inv-stripe/vendor/laravel/framework/src/Illuminate/Database/Connection.php(580): Illuminate\Database\Connection->runQueryCallback('create table `m...', Array, Object(Closure))
#3 /Applications/MAMP/htdocs/Tweads/inv-stripe/vendor/laravel/framework/src/Illuminate/Database/Connection.php(363): Illuminate\Database\Connection->run('create table `m...', Array, Object(Closure))
#4 /Applications/MAMP/htdocs/Tweads/inv-stripe/vendor/laravel/framework/src/Illuminate/Database/Schema/Blueprint.php(63): Illuminate\Database\Connection->statement('create table `m...')
#5 /Applications/MAMP/htdocs/Tweads/inv-stripe/vendor/laravel/framework/src/Illuminate/Database/Schema/Builder.php(188): Illuminate\Database\Schema\Blueprint->build(Object(Illuminate\Database\MySqlConnection), Object(Illuminate\Database\Schema\Grammars\MySqlGrammar))
#6 /Applications/MAMP/htdocs/Tweads/inv-stripe/vendor/laravel/framework/src/Illuminate/Database/Schema/Builder.php(131): Illuminate\Database\Schema\Builder->build(Object(Illuminate\Database\Schema\Blueprint))
#7 /Applications/MAMP/htdocs/Tweads/inv-stripe/vendor/laravel/framework/src/Illuminate/Database/Migrations/DatabaseMigrationRepository.php(125): Illuminate\Database\Schema\Builder->create('migrations', Object(Closure))
#8 /Applications/MAMP/htdocs/Tweads/inv-stripe/vendor/laravel/framework/src/Illuminate/Database/Console/Migrations/InstallCommand.php(52): Illuminate\Database\Migrations\DatabaseMigrationRepository->createRepository()
#9 [internal function]: Illuminate\Database\Console\Migrations\InstallCommand->fire()
#10 /Applications/MAMP/htdocs/Tweads/inv-stripe/vendor/laravel/framework/src/Illuminate/Container/Container.php(526): call_user_func_array(Array, Array)
#11 /Applications/MAMP/htdocs/Tweads/inv-stripe/vendor/laravel/framework/src/Illuminate/Console/Command.php(115): Illuminate\Container\Container->call(Array)
#12 /Applications/MAMP/htdocs/Tweads/inv-stripe/vendor/symfony/console/Symfony/Component/Console/Command/Command.php(257): Illuminate\Console\Command->execute(Object(Symfony\Component\Console\Input\ArgvInput), Object(Symfony\Component\Console\Output\ConsoleOutput))
#13 /Applications/MAMP/htdocs/Tweads/inv-stripe/vendor/laravel/framework/src/Illuminate/Console/Command.php(101): Symfony\Component\Console\Command\Command->run(Object(Symfony\Component\Console\Input\ArgvInput), Object(Symfony\Component\Console\Output\ConsoleOutput))
#14 /Applications/MAMP/htdocs/Tweads/inv-stripe/vendor/symfony/console/Symfony/Component/Console/Application.php(874): Illuminate\Console\Command->run(Object(Symfony\Component\Console\Input\ArgvInput), Object(Symfony\Component\Console\Output\ConsoleOutput))
#15 /Applications/MAMP/htdocs/Tweads/inv-stripe/vendor/symfony/console/Symfony/Component/Console/Application.php(195): Symfony\Component\Console\Application->doRunCommand(Object(Illuminate\Database\Console\Migrations\InstallCommand), Object(Symfony\Component\Console\Input\ArgvInput), Object(Symfony\Component\Console\Output\ConsoleOutput))
#16 /Applications/MAMP/htdocs/Tweads/inv-stripe/vendor/symfony/console/Symfony/Component/Console/Application.php(126): Symfony\Component\Console\Application->doRun(Object(Symfony\Component\Console\Input\ArgvInput), Object(Symfony\Component\Console\Output\ConsoleOutput))
#17 /Applications/MAMP/htdocs/Tweads/inv-stripe/vendor/laravel/framework/src/Illuminate/Foundation/Console/Kernel.php(94): Symfony\Component\Console\Application->run(Object(Symfony\Component\Console\Input\ArgvInput), Object(Symfony\Component\Console\Output\ConsoleOutput))
#18 /Applications/MAMP/htdocs/Tweads/inv-stripe/artisan(36): Illuminate\Foundation\Console\Kernel->handle(Object(Symfony\Component\Console\Input\ArgvInput), Object(Symfony\Component\Console\Output\ConsoleOutput))
#19 {main}

Next exception 'Illuminate\Database\QueryException' with message 'SQLSTATE[42S01]: Base table or view already exists: 1050 Table 'migrations' already exists (SQL: create table `migrations` (`migration` varchar(255) not null, `batch` int not null) default character set utf8 collate utf8_unicode_ci)' in /Applications/MAMP/htdocs/Tweads/inv-stripe/vendor/laravel/framework/src/Illuminate/Database/Connection.php:624
Stack trace:
#0 /Applications/MAMP/htdocs/Tweads/inv-stripe/vendor/laravel/framework/src/Illuminate/Database/Connection.php(580): Illuminate\Database\Connection->runQueryCallback('create table `m...', Array, Object(Closure))
#1 /Applications/MAMP/htdocs/Tweads/inv-stripe/vendor/laravel/framework/src/Illuminate/Database/Connection.php(363): Illuminate\Database\Connection->run('create table `m...', Array, Object(Closure))
#2 /Applications/MAMP/htdocs/Tweads/inv-stripe/vendor/laravel/framework/src/Illuminate/Database/Schema/Blueprint.php(63): Illuminate\Database\Connection->statement('create table `m...')
#3 /Applications/MAMP/htdocs/Tweads/inv-stripe/vendor/laravel/framework/src/Illuminate/Database/Schema/Builder.php(188): Illuminate\Database\Schema\Blueprint->build(Object(Illuminate\Database\MySqlConnection), Object(Illuminate\Database\Schema\Grammars\MySqlGrammar))
#4 /Applications/MAMP/htdocs/Tweads/inv-stripe/vendor/laravel/framework/src/Illuminate/Database/Schema/Builder.php(131): Illuminate\Database\Schema\Builder->build(Object(Illuminate\Database\Schema\Blueprint))
#5 /Applications/MAMP/htdocs/Tweads/inv-stripe/vendor/laravel/framework/src/Illuminate/Database/Migrations/DatabaseMigrationRepository.php(125): Illuminate\Database\Schema\Builder->create('migrations', Object(Closure))
#6 /Applications/MAMP/htdocs/Tweads/inv-stripe/vendor/laravel/framework/src/Illuminate/Database/Console/Migrations/InstallCommand.php(52): Illuminate\Database\Migrations\DatabaseMigrationRepository->createRepository()
#7 [internal function]: Illuminate\Database\Console\Migrations\InstallCommand->fire()
#8 /Applications/MAMP/htdocs/Tweads/inv-stripe/vendor/laravel/framework/src/Illuminate/Container/Container.php(526): call_user_func_array(Array, Array)
#9 /Applications/MAMP/htdocs/Tweads/inv-stripe/vendor/laravel/framework/src/Illuminate/Console/Command.php(115): Illuminate\Container\Container->call(Array)
#10 /Applications/MAMP/htdocs/Tweads/inv-stripe/vendor/symfony/console/Symfony/Component/Console/Command/Command.php(257): Illuminate\Console\Command->execute(Object(Symfony\Component\Console\Input\ArgvInput), Object(Symfony\Component\Console\Output\ConsoleOutput))
#11 /Applications/MAMP/htdocs/Tweads/inv-stripe/vendor/laravel/framework/src/Illuminate/Console/Command.php(101): Symfony\Component\Console\Command\Command->run(Object(Symfony\Component\Console\Input\ArgvInput), Object(Symfony\Component\Console\Output\ConsoleOutput))
#12 /Applications/MAMP/htdocs/Tweads/inv-stripe/vendor/symfony/console/Symfony/Component/Console/Application.php(874): Illuminate\Console\Command->run(Object(Symfony\Component\Console\Input\ArgvInput), Object(Symfony\Component\Console\Output\ConsoleOutput))
#13 /Applications/MAMP/htdocs/Tweads/inv-stripe/vendor/symfony/console/Symfony/Component/Console/Application.php(195): Symfony\Component\Console\Application->doRunCommand(Object(Illuminate\Database\Console\Migrations\InstallCommand), Object(Symfony\Component\Console\Input\ArgvInput), Object(Symfony\Component\Console\Output\ConsoleOutput))
#14 /Applications/MAMP/htdocs/Tweads/inv-stripe/vendor/symfony/console/Symfony/Component/Console/Application.php(126): Symfony\Component\Console\Application->doRun(Object(Symfony\Component\Console\Input\ArgvInput), Object(Symfony\Component\Console\Output\ConsoleOutput))
#15 /Applications/MAMP/htdocs/Tweads/inv-stripe/vendor/laravel/framework/src/Illuminate/Foundation/Console/Kernel.php(94): Symfony\Component\Console\Application->run(Object(Symfony\Component\Console\Input\ArgvInput), Object(Symfony\Component\Console\Output\ConsoleOutput))
#16 /Applications/MAMP/htdocs/Tweads/inv-stripe/artisan(36): Illuminate\Foundation\Console\Kernel->handle(Object(Symfony\Component\Console\Input\ArgvInput), Object(Symfony\Component\Console\Output\ConsoleOutput))
#17 {main}  
[2015-08-26 21:06:59] local.ERROR: exception 'Symfony\Component\Debug\Exception\FatalErrorException' with message 'Cannot use object of type GuzzleHttp\Subscriber\Oauth\Oauth1 as array' in /Applications/MAMP/htdocs/Tweads/inv-stripe/app/Http/Controllers/AuthController.php:372
Stack trace:
#0 {main}  
